*----------------------------------------------------------------------------------------
*	Innovus 17.11-s080_1 (64bit) 08/04/2017 11:13 (Linux 2.6.18-194.el5)
*	
*
* 	Date & Time:	2021-Nov-17 19:12:40 (2021-Nov-17 18:12:40 GMT)
*
*----------------------------------------------------------------------------------------
*
*	Design: IIR_lookahead
*
*	Liberty Libraries used: 
*	        MyAnView: /home/isa06_2021_2022/lab1/lab1_lookahead/innovus/IIR_lookahead.enc.dat/libs/mmmc/NangateOpenCellLibrary_typical_ecsm_nowlm.lib
*
*	Power Domain used: 
*		Rail:        VDD 	Voltage:        1.1 
*
*       Power View : MyAnView
*
*       User-Defined Activity : N.A.
*
*	Switching Activity File used: 
*	        ../vcd/design.vcd
*			Vcd Window used(Start Time, Stop Time):(-5.24908e-20, -5.24908e-20) 
*                     Vcd Scale Factor: 1 
**                    Design annotation coverage: 0/998 = 0% 
*
*       Hierarchical Global Activity: N.A.
*
*       Global Activity: N.A.
*
*       Sequential Element Activity: N.A.
*
*       Primary Input Activity: 0.200000
*
*       Default icg ratio: N.A.
*
*       Global Comb ClockGate Ratio: N.A.
*
*	Power Units = 1mW
*
*	Time Units = 1e-09 secs 
*
*       Temperature = 25 
*
*       report_power -outfile .//IIR_lookahead.rpt -rail_analysis_format VS
*
-----------------------------------------------------------------------------------------
Cell                            Internal   Switching       Total     Leakage   Cell
                                   Power       Power       Power       Power   Name
--------------------------------------------------------------------------------------
regU_Q_reg_7_                   0.001682     0.00272    0.004488   8.564e-05  DFFR_X1
regb0_Q_reg_6_                  0.002101   0.0008937     0.00308   8.565e-05  DFFR_X1
regsum_Q_reg_6_                 0.002095   0.0008271    0.003008   8.563e-05  DFFR_X1
rega1_Q_reg_6_                    0.0021   0.0008205    0.003006   8.565e-05  DFFR_X1
mult_78_U4                      0.002021   0.0008894    0.002983   7.214e-05  FA_X1
mult_73_U4                       0.00202   0.0008629    0.002955   7.214e-05  FA_X1
mult_68_U4                      0.002019   0.0008518    0.002943   7.214e-05  FA_X1
regU_Q_reg_6_                   0.001647    0.001191    0.002924   8.564e-05  DFFR_X1
mult_78_U3                      0.002038   0.0007987    0.002912   7.486e-05  FA_X1
mult_68_U3                      0.002036    0.000727    0.002838   7.486e-05  FA_X1
mult_73_U3                      0.002036   0.0007076    0.002818   7.486e-05  FA_X1
add_96_U1_6                     0.001949   0.0007624    0.002782   7.017e-05  FA_X1
add_96_U1_5                     0.001919   0.0007505     0.00274   7.009e-05  FA_X1
add_90_U1_5                     0.001917    0.000749    0.002736   7.017e-05  FA_X1
regb1_Q_reg_6_                  0.002089    0.000531    0.002706   8.565e-05  DFFR_X1
regb2_Q_reg_6_                  0.002088    0.000523    0.002696   8.566e-05  DFFR_X1
rega1_Q_reg_4_                  0.002078   0.0005318    0.002695   8.565e-05  DFFR_X1
regb0_Q_reg_4_                  0.002077    0.000529    0.002692   8.565e-05  DFFR_X1
regb0_Q_reg_3_                  0.002054   0.0005526    0.002692   8.565e-05  DFFR_X1
regY_Q_reg_7_                   0.002089   0.0005157    0.002691   8.563e-05  DFFR_X1
regY_Q_reg_6_                   0.002084   0.0005203     0.00269   8.563e-05  DFFR_X1
rega1_Q_reg_5_                   0.00208   0.0005244     0.00269   8.565e-05  DFFR_X1
regb1_Q_reg_4_                  0.002077   0.0005214    0.002684   8.565e-05  DFFR_X1
regY_Q_reg_5_                   0.002081   0.0005168    0.002683   8.563e-05  DFFR_X1
regb2_Q_reg_5_                  0.002072   0.0005253    0.002683   8.565e-05  DFFR_X1
rega1_Q_reg_3_                  0.002054   0.0005417    0.002681   8.565e-05  DFFR_X1
regb0_Q_reg_5_                  0.002079   0.0005147     0.00268   8.565e-05  DFFR_X1
regb1_Q_reg_5_                  0.002079   0.0005144    0.002679   8.565e-05  DFFR_X1
regb2_Q_reg_4_                   0.00206   0.0005335    0.002679   8.565e-05  DFFR_X1
regsum_Q_reg_5_                 0.002081    0.000506    0.002673   8.563e-05  DFFR_X1
regY_Q_reg_4_                   0.002064   0.0005106    0.002661   8.563e-05  DFFR_X1
regsum_Q_reg_4_                 0.002063   0.0004912     0.00264   8.563e-05  DFFR_X1
regb1_Q_reg_3_                  0.002052   0.0004953    0.002633   8.565e-05  DFFR_X1
mult_78_U5                      0.001729   0.0008021    0.002602   7.067e-05  FA_X1
mult_73_U5                      0.001729   0.0007948    0.002594   7.067e-05  FA_X1
mult_68_U5                      0.001727     0.00075    0.002548   7.067e-05  FA_X1
add_96_U1_4                     0.001714   0.0007018    0.002486       7e-05  FA_X1
add_90_U1_4                     0.001704   0.0006815    0.002456   7.009e-05  FA_X1
regU_Q_reg_2_                   0.001294    0.001028    0.002408   8.564e-05  DFFR_X1
regY_Q_reg_3_                   0.001864   0.0004495      0.0024   8.563e-05  DFFR_X1
mult_85_U4                      0.001611   0.0007107    0.002393   7.162e-05  FA_X1
regb0_Q_reg_2_                  0.001827   0.0004719    0.002385   8.565e-05  DFFR_X1
mult_85_U3                      0.001717   0.0005911    0.002382   7.469e-05  FA_X1
regb2_Q_reg_3_                  0.001848   0.0004477    0.002381   8.565e-05  DFFR_X1
rega1_Q_reg_2_                  0.001827   0.0004598    0.002372   8.565e-05  DFFR_X1
regsum_Q_reg_3_                 0.001857   0.0004259    0.002369   8.563e-05  DFFR_X1
regb1_Q_reg_2_                  0.001826   0.0004357    0.002347   8.565e-05  DFFR_X1
add_96_U1_7                     0.001956   0.0003118    0.002338   7.019e-05  FA_X1
add_90_U1_6                     0.001945    0.000308    0.002323   7.028e-05  FA_X1
regU_Q_reg_5_                   0.001515   0.0006848    0.002286   8.564e-05  DFFR_X1
regU2_Q_reg_7_                  0.001446   0.0007151    0.002247    8.53e-05  DFFR_X1
FE_DBTC1_u_del_vec_5           8.585e-05    0.002095    0.002195   1.362e-05  INV_X1
regU_Q_reg_4_                   0.001447    0.000655    0.002187   8.564e-05  DFFR_X1
regY_Q_reg_2_                   0.001677   0.0003922    0.002155   8.562e-05  DFFR_X1
regb2_Q_reg_2_                  0.001663   0.0004013     0.00215   8.565e-05  DFFR_X1
regsum_Q_reg_2_                 0.001671   0.0003883    0.002145   8.562e-05  DFFR_X1
regb0_Q_reg_1_                  0.001662   0.0003945    0.002142   8.565e-05  DFFR_X1
add_96_U1_3                     0.001421   0.0006439    0.002135    6.98e-05  FA_X1
rega1_Q_reg_1_                  0.001661   0.0003791    0.002126   8.565e-05  DFFR_X1
regb1_Q_reg_1_                  0.001661   0.0003792    0.002126   8.565e-05  DFFR_X1
regb0_Q_reg_0_                  0.001647   0.0003878     0.00212   8.564e-05  DFFR_X1
mult_78_U6                      0.001387   0.0006555    0.002115   7.242e-05  FA_X1
rega1_Q_reg_0_                  0.001646   0.0003721    0.002104   8.564e-05  DFFR_X1
regU_Q_reg_3_                    0.00137   0.0006286    0.002084   8.564e-05  DFFR_X1
regb1_Q_reg_0_                  0.001646   0.0003496    0.002081   8.564e-05  DFFR_X1
mult_73_U6                      0.001386   0.0006172    0.002076   7.242e-05  FA_X1
FE_DBTC2_u_del_vec_4           7.934e-05    0.001966    0.002059   1.361e-05  INV_X1
add_90_U1_3                     0.001408   0.0005801    0.002057    6.99e-05  FA_X1
mult_68_U6                      0.001385    0.000576    0.002033   7.242e-05  FA_X1
FE_DBTC0_u_del_vec_6           9.836e-05    0.001909    0.002021   1.362e-05  INV_X1
mult_78_U18                     0.001149   0.0007889    0.002014   7.645e-05  FA_X1
mult_68_U18                     0.001149   0.0007808    0.002006   7.645e-05  FA_X1
mult_73_U18                     0.001149   0.0007804    0.002006   7.645e-05  FA_X1
mult_85_U5                      0.001361   0.0005601    0.001992   7.013e-05  FA_X1
mult_73_U21                      0.00114   0.0007634    0.001975   7.113e-05  FA_X1
regsum_Q_reg_1_                 0.001547   0.0003411    0.001974   8.561e-05  DFFR_X1
mult_68_U21                      0.00114   0.0007562    0.001967   7.113e-05  FA_X1
mult_78_U21                      0.00114   0.0007561    0.001967   7.113e-05  FA_X1
regY_Q_reg_1_                   0.001547   0.0003291    0.001962   8.561e-05  DFFR_X1
regb2_Q_reg_1_                  0.001515   0.0003593     0.00196   8.565e-05  DFFR_X1
regsum_Q_reg_0_                 0.001541   0.0003229     0.00195   8.559e-05  DFFR_X1
add_60_U1_6                     0.001355   0.0005213    0.001947   7.024e-05  FA_X1
regY_Q_reg_0_                   0.001541   0.0003188    0.001945   8.559e-05  DFFR_X1
mult_68_U25                     0.001109   0.0007603    0.001938   6.828e-05  FA_X1
mult_78_U25                     0.001109   0.0007584    0.001936   6.828e-05  FA_X1
regU_Q_reg_0_                   0.001254    0.000573    0.001912   8.562e-05  DFFR_X1
regb2_Q_reg_0_                  0.001509   0.0003142    0.001909   8.563e-05  DFFR_X1
add_60_U1_5                     0.001316   0.0005161    0.001903   7.017e-05  FA_X1
regU_Q_reg_1_                   0.001253   0.0005517     0.00189   8.563e-05  DFFR_X1
mult_73_U25                     0.001108    0.000712    0.001888   6.828e-05  FA_X1
FE_DBTC3_u_del_vec_3           7.204e-05    0.001796    0.001882   1.361e-05  INV_X1
regU2_Q_reg_6_                  0.001426   0.0003696    0.001881    8.53e-05  DFFR_X1
add_60_U1_4                     0.001238   0.0005043    0.001812   7.009e-05  FA_X1
mult_78_U7                       0.00112   0.0005619    0.001752   7.012e-05  FA_X1
add_60_U1_3                     0.001176   0.0004873    0.001733    6.99e-05  FA_X1
ff2_Q_reg                      0.0008202   0.0008011    0.001708   8.621e-05  DFFR_X1
regU2_Q_reg_5_                  0.001365   0.0002516    0.001702    8.53e-05  DFFR_X1
add_96_U1_2                     0.001137   0.0004913    0.001698   6.941e-05  FA_X1
mult_85_U6                      0.001094   0.0005149    0.001682   7.245e-05  FA_X1
mult_73_U7                      0.001118   0.0004925    0.001681   7.012e-05  FA_X1
regU2_Q_reg_2_                   0.00123   0.0003635    0.001679   8.529e-05  DFFR_X1
add_60_U1_7                     0.001371   0.0002346    0.001676   7.027e-05  FA_X1
mult_68_U7                      0.001117   0.0004734    0.001661   7.012e-05  FA_X1
regU2_Q_reg_4_                  0.001322   0.0002389    0.001646    8.53e-05  DFFR_X1
add_90_U1_2                     0.001127   0.0004476    0.001644   6.952e-05  FA_X1
ff3_Q_reg                      0.0008204   0.0007058    0.001612   8.621e-05  DFFR_X1
mult_78_U30                    0.0009149   0.0006144    0.001602   7.319e-05  FA_X1
mult_85_U18                    0.0008841   0.0006326    0.001593   7.652e-05  FA_X1
mult_73_U30                    0.0009148   0.0005999    0.001588   7.319e-05  FA_X1
regU2_Q_reg_3_                  0.001274   0.0002283    0.001587    8.53e-05  DFFR_X1
mult_68_U22                    0.0009109    0.000605    0.001586   7.007e-05  FA_X1
mult_68_U30                    0.0009147    0.000597    0.001585   7.319e-05  FA_X1
mult_78_U26                    0.0008914   0.0006024    0.001568    7.45e-05  FA_X1
mult_78_U8                     0.0009801   0.0005068    0.001552   6.515e-05  FA_X1
mult_85_U21                    0.0008756   0.0005992    0.001545   7.019e-05  FA_X1
mult_78_U22                    0.0009096   0.0005643    0.001544   7.007e-05  FA_X1
mult_73_U22                     0.000909   0.0005479    0.001527   7.007e-05  FA_X1
mult_85_U25                    0.0008611    0.000587    0.001515    6.72e-05  FA_X1
mult_73_U26                    0.0008901   0.0005493    0.001514    7.45e-05  FA_X1
mult_78_U16                    0.0009101   0.0005309     0.00151   6.934e-05  FA_X1
mult_73_U8                     0.0009786    0.000463    0.001507   6.515e-05  FA_X1
mult_73_U36                    0.0008579   0.0005737    0.001502    7.04e-05  FA_X1
mult_68_U8                     0.0009784   0.0004582    0.001502   6.515e-05  FA_X1
mult_68_U36                    0.0008578   0.0005694    0.001498    7.04e-05  FA_X1
mult_78_U36                    0.0008576   0.0005638    0.001492    7.04e-05  FA_X1
mult_68_U26                    0.0008893   0.0005193    0.001483    7.45e-05  FA_X1
mult_68_U16                    0.0009095    0.000495    0.001474   6.934e-05  FA_X1
regU2_Q_reg_0_                    0.0012   0.0001877    0.001473   8.529e-05  DFFR_X1
FE_DBTC5_u_del_vec_1           6.096e-05    0.001398    0.001473   1.361e-05  INV_X1
regU2_Q_reg_1_                    0.0012   0.0001792    0.001465   8.529e-05  DFFR_X1
mult_73_U16                    0.0009091   0.0004829    0.001461   6.934e-05  FA_X1
ff1_Q_reg                      0.0008206   0.0005475    0.001454   8.621e-05  DFFR_X1
add_60_U1_2                    0.0009867   0.0003953    0.001452   6.952e-05  FA_X1
mult_78_U146                   0.0009554   0.0004338    0.001426   3.679e-05  XNOR2_X1
mult_68_U146                   0.0009553   0.0004317    0.001424   3.679e-05  XNOR2_X1
regX0_Q_reg_6_                  0.001063   0.0002705    0.001419   8.565e-05  DFFR_X1
mult_85_U145                   0.0009497   0.0004289    0.001411   3.272e-05  XOR2_X1
mult_73_U146                   0.0009554   0.0004161    0.001408   3.679e-05  XNOR2_X1
FE_OFC0_q2                     0.0001734     0.00118    0.001396   4.306e-05  BUF_X2
mult_78_U145                   0.0009388   0.0004236    0.001395   3.304e-05  XOR2_X1
mult_73_U145                   0.0009388   0.0004199    0.001392   3.304e-05  XOR2_X1
mult_68_U145                   0.0009388   0.0004162    0.001388   3.304e-05  XOR2_X1
add_90_U1_1                     0.000926   0.0003742    0.001369   6.873e-05  FA_X1
add_96_U1_1                    0.0009297   0.0003673    0.001366    6.86e-05  FA_X1
mult_85_U7                     0.0008774   0.0003988    0.001346   7.023e-05  FA_X1
mult_73_U27                    0.0007411    0.000528    0.001342   7.308e-05  FA_X1
mult_85_U146                   0.0009027   0.0003959    0.001335    3.69e-05  XNOR2_X1
regX0_Q_reg_1_                   0.00106   0.0001864    0.001332   8.565e-05  DFFR_X1
regX0_Q_reg_2_                   0.00106   0.0001785    0.001324   8.565e-05  DFFR_X1
regX0_Q_reg_3_                   0.00106   0.0001753     0.00132   8.565e-05  DFFR_X1
regX0_Q_reg_4_                  0.001059   0.0001732    0.001318   8.565e-05  DFFR_X1
regX0_Q_reg_5_                  0.001059   0.0001667    0.001312   8.565e-05  DFFR_X1
regX0_Q_reg_0_                  0.001059   0.0001609    0.001306   8.565e-05  DFFR_X1
mult_78_U27                    0.0007401   0.0004911    0.001304   7.308e-05  FA_X1
mult_85_U8                      0.000749   0.0004476    0.001261   6.396e-05  FA_X1
mult_68_U27                    0.0007388   0.0004381     0.00125   7.308e-05  FA_X1
mult_85_U22                    0.0006997   0.0004804    0.001249   6.931e-05  FA_X1
mult_85_U30                    0.0007034   0.0004704    0.001247   7.334e-05  FA_X1
mult_73_U31                    0.0007235    0.000453    0.001242   6.554e-05  FA_X1
mult_78_U32                    0.0007172   0.0004462     0.00124   7.672e-05  FA_X1
mult_85_U36                    0.0006825   0.0004769     0.00123   7.081e-05  FA_X1
mult_78_U31                    0.0007231   0.0004354    0.001224   6.554e-05  FA_X1
mult_68_U32                    0.0007165   0.0004232    0.001216   7.672e-05  FA_X1
mult_73_U37                     0.000713   0.0004311    0.001213   6.905e-05  FA_X1
FE_DBTC6_u_del_vec_0           6.081e-05    0.001135     0.00121    1.36e-05  INV_X1
mult_78_U19                    0.0007366   0.0003992    0.001208   7.258e-05  FA_X1
mult_73_U32                    0.0007162   0.0004143    0.001207   7.672e-05  FA_X1
mult_85_U26                    0.0006935   0.0004367    0.001204   7.417e-05  FA_X1
mult_68_U37                    0.0007127   0.0004194    0.001201   6.905e-05  FA_X1
add_60_U1_1                    0.0008191   0.0003119      0.0012   6.874e-05  FA_X1
mult_78_U37                    0.0007126   0.0004167    0.001198   6.905e-05  FA_X1
mult_68_U31                    0.0007224   0.0004066    0.001195   6.554e-05  FA_X1
mult_78_U141                   0.0007439   0.0004094    0.001193   4.001e-05  XOR2_X1
mult_68_U19                    0.0007363   0.0003843    0.001193   7.258e-05  FA_X1
mult_73_U19                    0.0007356   0.0003605    0.001169   7.258e-05  FA_X1
mult_85_U16                    0.0006984   0.0003951    0.001162   6.854e-05  FA_X1
FE_DBTC4_u_del_vec_2           6.641e-05    0.001038    0.001118   1.361e-05  INV_X1
mult_73_U141                   0.0007427   0.0003155    0.001098   4.001e-05  XOR2_X1
mult_68_U141                   0.0007425   0.0003075     0.00109   4.001e-05  XOR2_X1
mult_73_U28                    0.0005819   0.0004317    0.001079   6.582e-05  FA_X1
mult_78_U23                    0.0005942   0.0003966    0.001078   8.748e-05  FA_X1
mult_68_U28                    0.0005818   0.0004269    0.001075   6.582e-05  FA_X1
mult_73_U23                    0.0005936     0.00038    0.001061   8.748e-05  FA_X1
mult_85_U141                   0.0007174   0.0002987    0.001057   4.057e-05  XOR2_X1
mult_68_U23                    0.0005935    0.000367    0.001048   8.748e-05  FA_X1
mult_78_U28                    0.0005807   0.0003847    0.001031   6.582e-05  FA_X1
mult_68_U17                    0.0005819   0.0003652    0.001027   7.961e-05  FA_X1
mult_78_U17                    0.0005818   0.0003482     0.00101   7.961e-05  FA_X1
mult_73_U17                    0.0005815   0.0003461    0.001007   7.961e-05  FA_X1
mult_78_U20                    0.0005806   0.0003599    0.001006   6.582e-05  FA_X1
mult_68_U20                    0.0005804     0.00035   0.0009962   6.582e-05  FA_X1
mult_73_U20                    0.0005802   0.0003417   0.0009877   6.582e-05  FA_X1
mult_85_U27                    0.0005689   0.0003429   0.0009848   7.303e-05  FA_X1
mult_78_U42                    0.0006108   0.0003031   0.0009777   6.379e-05  FA_X1
mult_73_U33                    0.0005801   0.0003157   0.0009755   7.962e-05  FA_X1
mult_68_U42                    0.0006104   0.0002992   0.0009734   6.379e-05  FA_X1
mult_73_U42                    0.0006106   0.0002975   0.0009719   6.379e-05  FA_X1
ff4_Q_reg                      0.0008167   6.737e-05   0.0009702   8.621e-05  DFFR_X1
mult_85_U32                    0.0005577    0.000335    0.000969   7.627e-05  FA_X1
mult_85_U31                    0.0005537    0.000345   0.0009631   6.435e-05  FA_X1
mult_68_U33                    0.0005799   0.0003026   0.0009621   7.962e-05  FA_X1
mult_78_U33                    0.0005793   0.0002861   0.0009451   7.962e-05  FA_X1
mult_85_U37                    0.0005543   0.0003163   0.0009396   6.894e-05  FA_X1
mult_85_U19                    0.0005664   0.0002902   0.0009292   7.257e-05  FA_X1
mult_68_U34                    0.0004759   0.0003738   0.0009092   5.951e-05  FA_X1
FE_OFC1_q3                     8.375e-05   0.0007913   0.0008965   2.144e-05  BUF_X1
mult_78_U34                    0.0004755   0.0003586   0.0008936   5.951e-05  FA_X1
mult_73_U34                    0.0004756   0.0003582   0.0008933   5.951e-05  FA_X1
mult_68_U24                     0.000484   0.0003418   0.0008853   5.951e-05  FA_X1
mult_73_U24                    0.0004839    0.000341   0.0008844   5.951e-05  FA_X1
mult_73_U38                     0.000481   0.0003261   0.0008773   7.013e-05  FA_X1
mult_78_U24                    0.0004837   0.0003321   0.0008753   5.951e-05  FA_X1
mult_78_U38                     0.000481   0.0003209    0.000872   7.013e-05  FA_X1
mult_68_U38                    0.0004806   0.0003085   0.0008593   7.013e-05  FA_X1
mult_85_U23                     0.000457   0.0002895   0.0008351    8.85e-05  FA_X1
mult_85_U28                    0.0004478   0.0003216   0.0008346   6.519e-05  FA_X1
mult_73_U44                    0.0004315   0.0003114   0.0008024    5.95e-05  FA_X1
mult_68_U44                    0.0004314   0.0003068   0.0007977    5.95e-05  FA_X1
mult_78_U44                    0.0004311   0.0002971   0.0007878    5.95e-05  FA_X1
mult_85_U17                    0.0004473   0.0002603   0.0007875   7.994e-05  FA_X1
mult_85_U42                    0.0004945   0.0002279    0.000785   6.255e-05  FA_X1
mult_85_U20                    0.0004466   0.0002642    0.000776   6.519e-05  FA_X1
mult_85_U33                    0.0004457   0.0002244   0.0007501   7.995e-05  FA_X1
mult_78_U39                    0.0004276    0.000255   0.0007421    5.95e-05  FA_X1
mult_78_U29                    0.0004124   0.0002697   0.0007416    5.95e-05  FA_X1
mult_78_U47                    0.0004117   0.0002684   0.0007396    5.95e-05  FA_X1
mult_73_U47                    0.0004115   0.0002617   0.0007327    5.95e-05  FA_X1
mult_68_U47                    0.0004115   0.0002606   0.0007316    5.95e-05  FA_X1
mult_85_U38                    0.0003993    0.000251   0.0007202   6.984e-05  FA_X1
mult_68_U29                    0.0004118   0.0002433   0.0007146    5.95e-05  FA_X1
mult_73_U29                    0.0004117   0.0002414   0.0007126    5.95e-05  FA_X1
mult_68_U39                    0.0004269   0.0002257   0.0007121    5.95e-05  FA_X1
mult_73_U39                    0.0004268   0.0002228   0.0007091    5.95e-05  FA_X1
mult_85_U34                    0.0003643   0.0002675   0.0006902   5.833e-05  FA_X1
mult_85_U24                    0.0003693   0.0002619   0.0006895   5.833e-05  FA_X1
mult_85_U136                   6.736e-05   0.0005788   0.0006594   1.326e-05  INV_X1
mult_73_U43                    0.0003742   0.0002251   0.0006565   5.719e-05  FA_X1
mult_78_U43                    0.0003742   0.0002235   0.0006549   5.719e-05  FA_X1
mult_68_U43                    0.0003739   0.0002097   0.0006408   5.719e-05  FA_X1
mult_85_U44                    0.0003431   0.0002331   0.0006345   5.833e-05  FA_X1
mult_85_U135                   6.332e-05   0.0005385   0.0006151   1.325e-05  INV_X1
add_90_U1                      0.0004175   0.0001614   0.0006129     3.4e-05  XOR2_X1
add_60_U1                       0.000413    0.000152   0.0005991   3.406e-05  XOR2_X1
add_96_U1                      0.0004189   0.0001426   0.0005955   3.402e-05  XOR2_X1
mult_85_U47                    0.0003308   0.0002038   0.0005929   5.833e-05  FA_X1
mult_85_U29                    0.0003313   0.0001987   0.0005883   5.833e-05  FA_X1
mult_85_U39                    0.0003405   0.0001883   0.0005872   5.833e-05  FA_X1
mult_85_U138                   7.317e-05   0.0004849   0.0005714   1.326e-05  INV_X1
mult_78_U46                    0.0003185   0.0001918   0.0005665   5.627e-05  FA_X1
mult_85_U43                    0.0003102    0.000197   0.0005635   5.631e-05  FA_X1
mult_68_U46                    0.0003181   0.0001829   0.0005573   5.627e-05  FA_X1
regb0_U4                       0.0003553   0.0001636   0.0005501   3.116e-05  OAI21_X1
mult_73_U46                     0.000318   0.0001748   0.0005491   5.627e-05  FA_X1
rega1_U4                       0.0003573    0.000154   0.0005425   3.116e-05  OAI21_X1
mult_85_U134                   5.883e-05    0.000467   0.0005391   1.325e-05  INV_X1
regb1_U4                       0.0003554   0.0001513   0.0005379   3.116e-05  OAI21_X1
regb2_U4                       0.0003543   0.0001455   0.0005309   3.114e-05  OAI21_X1
mult_73_U166                   0.0002886   0.0002087   0.0005273       3e-05  XNOR2_X1
mult_73_U161                   0.0002792   0.0002078   0.0005221   3.506e-05  AOI222_X1
mult_68_U166                   0.0002887   0.0002034   0.0005221       3e-05  XNOR2_X1
mult_78_U166                    0.000289   0.0002006   0.0005196       3e-05  XNOR2_X1
regb0_U16                      0.0003299   0.0001559   0.0005171    3.12e-05  OAI21_X1
regY_U4                         0.000346   0.0001396   0.0005169    3.13e-05  OAI21_X1
regb1_U16                      0.0003303   0.0001546   0.0005161    3.12e-05  OAI21_X1
mult_68_U161                   0.0002794   0.0001991   0.0005136   3.506e-05  AOI222_X1
mult_68_U49                    0.0003193   0.0001343   0.0005114   5.773e-05  FA_X1
regb0_U14                      0.0003245   0.0001533   0.0005089    3.12e-05  OAI21_X1
rega1_U16                      0.0003316   0.0001455   0.0005083    3.12e-05  OAI21_X1
regsum_U6                      0.0003365   0.0001384   0.0005063   3.129e-05  OAI21_X1
mult_73_U48                    0.0002561    0.000198   0.0005062   5.214e-05  HA_X1
regY_U8                         0.000335   0.0001384   0.0005047    3.13e-05  OAI21_X1
mult_78_U161                   0.0002792    0.000186   0.0005003   3.506e-05  AOI222_X1
regsum_U4                      0.0003285   0.0001354   0.0004953    3.13e-05  OAI21_X1
mult_78_U49                    0.0003188   0.0001185    0.000495   5.773e-05  FA_X1
mult_78_U48                    0.0002559   0.0001858   0.0004939   5.214e-05  HA_X1
mult_73_U49                    0.0003187   0.0001174   0.0004938   5.773e-05  FA_X1
regb2_U16                      0.0003105   0.0001503    0.000492    3.12e-05  OAI21_X1
regb0_U17                      0.0001994    0.000274   0.0004908   1.739e-05  NAND2_X1
mult_68_U48                    0.0002558   0.0001822   0.0004902   5.214e-05  HA_X1
mult_68_U51                    0.0002663   0.0001713   0.0004897   5.215e-05  HA_X1
mult_78_U51                    0.0002663   0.0001695    0.000488   5.215e-05  HA_X1
regY_U6                        0.0003269   0.0001286   0.0004868   3.131e-05  OAI21_X1
regb1_U14                      0.0003239   0.0001306   0.0004857    3.12e-05  OAI21_X1
rega1_U14                      0.0003257   0.0001262   0.0004832    3.12e-05  OAI21_X1
mult_73_U51                    0.0002662   0.0001644   0.0004827   5.215e-05  HA_X1
mult_85_U137                   5.188e-05   0.0004167   0.0004818   1.325e-05  INV_X1
mult_85_U46                     0.000264   0.0001459   0.0004653   5.541e-05  FA_X1
regb0_U5                       0.0002011   0.0002457   0.0004642   1.741e-05  NAND2_X1
regb0_U15                      0.0001992   0.0002435   0.0004601   1.739e-05  NAND2_X1
mult_78_U45                    0.0002552   0.0001517    0.000459   5.214e-05  HA_X1
regb1_U15                      0.0001991   0.0002411   0.0004576   1.739e-05  NAND2_X1
mult_73_U45                    0.0002552   0.0001497    0.000457   5.214e-05  HA_X1
mult_68_U45                    0.0002552   0.0001429   0.0004502   5.214e-05  HA_X1
mult_85_U48                    0.0002217   0.0001741   0.0004473   5.156e-05  HA_X1
regY_U16                       0.0002853   0.0001229   0.0004395   3.131e-05  OAI21_X1
mult_85_U161                   0.0002456   0.0001602    0.000439   3.318e-05  AOI222_X1
mult_78_U160                   0.0001953   0.0001706   0.0004374    7.14e-05  OAI222_X1
regsum_U16                     0.0002836   0.0001223   0.0004372   3.131e-05  OAI21_X1
regb1_U12                      0.0002757   0.0001297   0.0004365    3.12e-05  OAI21_X1
rega1_U12                       0.000277   0.0001273   0.0004355    3.12e-05  OAI21_X1
mult_78_U162                   0.0001935   0.0001719   0.0004331   6.765e-05  OAI222_X1
regb1_U17                      0.0001989   0.0002131   0.0004294   1.739e-05  NAND2_X1
mult_68_U162                   0.0001934   0.0001671   0.0004281   6.765e-05  OAI222_X1
regb0_U12                      0.0002754   0.0001191   0.0004258    3.12e-05  OAI21_X1
regb2_U14                      0.0002814   0.0001123   0.0004248    3.12e-05  OAI21_X1
mult_73_U160                   0.0001961   0.0001539   0.0004214    7.14e-05  OAI222_X1
mult_68_U160                   0.0001959   0.0001529   0.0004201    7.14e-05  OAI222_X1
mult_68_U142                   0.0002495   0.0001387   0.0004176    2.94e-05  XOR2_X1
mult_85_U49                    0.0002592   9.795e-05   0.0004138   5.669e-05  FA_X1
mult_85_U51                    0.0002276   0.0001345   0.0004136   5.156e-05  HA_X1
mult_73_U50                     0.000254   0.0001063   0.0004125   5.214e-05  HA_X1
rega1_U5                       0.0002045   0.0001899   0.0004118   1.741e-05  NAND2_X1
mult_78_U50                     0.000254   0.0001031   0.0004092   5.214e-05  HA_X1
mult_73_U162                   0.0001934   0.0001478   0.0004088   6.765e-05  OAI222_X1
regY_U7                        0.0001999   0.0001896   0.0004068   1.736e-05  NAND2_X1
mult_73_U142                   0.0002493   0.0001272   0.0004059    2.94e-05  XOR2_X1
regY_U5                        0.0002003   0.0001874   0.0004051   1.736e-05  NAND2_X1
mult_85_U166                   0.0002281   0.0001476    0.000405   2.936e-05  XNOR2_X1
mult_68_U50                    0.0002538   9.898e-05   0.0004049   5.214e-05  HA_X1
mult_78_U142                   0.0002493    0.000126   0.0004047    2.94e-05  XOR2_X1
regb1_U5                       0.0002034   0.0001837   0.0004045   1.741e-05  NAND2_X1
regsum_U5                       0.000201   0.0001858   0.0004042   1.736e-05  NAND2_X1
regb2_U5                       0.0002041   0.0001813   0.0004028   1.742e-05  NAND2_X1
rega1_U15                      0.0002022   0.0001824    0.000402   1.739e-05  NAND2_X1
regsum_U7                      0.0002017   0.0001828   0.0004019   1.736e-05  NAND2_X1
regY_U9                        0.0002002   0.0001779   0.0003955   1.736e-05  NAND2_X1
mult_85_U45                    0.0002206   0.0001222   0.0003944   5.156e-05  HA_X1
rega1_U17                      0.0002021   0.0001735    0.000393   1.739e-05  NAND2_X1
mult_85_U139                   5.193e-05   0.0003261   0.0003913   1.325e-05  INV_X1
add_96_U2                      0.0002067   0.0001494   0.0003805   2.434e-05  AND2_X1
regb0_U10                      0.0002327   0.0001149   0.0003788    3.12e-05  OAI21_X1
regY_U17                       0.0001767   0.0001837   0.0003777   1.736e-05  NAND2_X1
regb2_U12                      0.0002375   0.0001088   0.0003775    3.12e-05  OAI21_X1
regb1_U10                      0.0002326   0.0001129   0.0003767    3.12e-05  OAI21_X1
rega1_U10                      0.0002341    0.000111   0.0003763    3.12e-05  OAI21_X1
regb2_U17                      0.0001879   0.0001705   0.0003758   1.739e-05  NAND2_X1
add_90_U2                      0.0002042   0.0001465    0.000375   2.432e-05  AND2_X1
regsum_U14                     0.0002388    0.000104   0.0003741   3.132e-05  OAI21_X1
regY_U14                       0.0002391   9.955e-05     0.00037   3.132e-05  OAI21_X1
mult_85_U50                    0.0002198   9.029e-05   0.0003617   5.156e-05  HA_X1
regb1_U13                        0.00017   0.0001713   0.0003588   1.739e-05  NAND2_X1
regb0_U13                      0.0001701   0.0001651   0.0003526   1.739e-05  NAND2_X1
regsum_U17                     0.0001753   0.0001571   0.0003498   1.736e-05  NAND2_X1
mult_85_U160                   0.0001465   0.0001275   0.0003469   7.288e-05  OAI222_X1
mult_85_U140                    5.47e-05   0.0002756   0.0003435   1.325e-05  INV_X1
regb2_U15                      0.0001714   0.0001529   0.0003417    1.74e-05  NAND2_X1
rega1_U13                      0.0001734   0.0001498   0.0003407   1.739e-05  NAND2_X1
regU_U4                        0.0001996   0.0001071    0.000338   3.129e-05  OAI21_X1
mult_85_U162                   0.0001478   0.0001178   0.0003354    6.98e-05  OAI222_X1
mult_85_U142                   0.0001924   0.0001103   0.0003316   2.883e-05  XOR2_X1
rega1_U8                        0.000203   9.685e-05   0.0003311    3.12e-05  OAI21_X1
mult_68_U167                   0.0001056   0.0001967   0.0003305   2.831e-05  NAND2_X1
regU_U6                        0.0002055   8.895e-05   0.0003257   3.129e-05  OAI21_X1
mult_73_U167                   0.0001058   0.0001909   0.0003251   2.831e-05  NAND2_X1
regsum_U12                      0.000203   8.927e-05   0.0003236   3.134e-05  OAI21_X1
regb1_U8                       0.0002011   9.045e-05   0.0003227    3.12e-05  OAI21_X1
regY_U12                       0.0002034   8.679e-05   0.0003215   3.135e-05  OAI21_X1
mult_78_U167                   0.0001055   0.0001869   0.0003208   2.831e-05  NAND2_X1
mult_73_U169                   9.513e-05   0.0002077   0.0003178   1.503e-05  NAND2_X1
regb0_U8                       0.0002009   8.404e-05   0.0003161    3.12e-05  OAI21_X1
mult_78_U129                   2.787e-05   0.0002735   0.0003157   1.435e-05  INV_X1
regb0_U6                       0.0001989   8.322e-05   0.0003134   3.126e-05  OAI21_X1
regb2_U10                      0.0002019   8.008e-05   0.0003132    3.12e-05  OAI21_X1
rega1_U6                       0.0002016   8.009e-05   0.0003129   3.126e-05  OAI21_X1
regU_U7                        0.0001526   0.0001418   0.0003118   1.736e-05  NAND2_X1
regb1_U6                       0.0001988   7.915e-05   0.0003092   3.126e-05  OAI21_X1
mult_78_U175                   0.0001178   0.0001729   0.0003058   1.504e-05  NAND2_X1
regU_U5                        0.0001501    0.000138   0.0003055   1.736e-05  NAND2_X1
mult_73_U147                   0.0001178   0.0001715   0.0003044   1.504e-05  NAND2_X1
mult_68_U169                   9.524e-05   0.0001934   0.0003037   1.503e-05  NAND2_X1
regU_U3                        0.0001453   0.0001404   0.0003031   1.736e-05  NAND2_X1
mult_78_U130                   2.789e-05   0.0002601   0.0003024   1.435e-05  INV_X1
mult_78_U147                   0.0001181   0.0001662   0.0002993   1.504e-05  NAND2_X1
mult_73_U129                   2.791e-05   0.0002566   0.0002989   1.435e-05  INV_X1
regb1_U11                      0.0001415   0.0001385   0.0002974   1.739e-05  NAND2_X1
mult_78_U128                   2.792e-05    0.000255   0.0002972   1.435e-05  INV_X1
mult_68_U175                   0.0001182   0.0001639   0.0002971   1.504e-05  NAND2_X1
mult_68_U147                   0.0001183   0.0001622   0.0002955   1.504e-05  NAND2_X1
mult_73_U175                   0.0001182   0.0001622   0.0002955   1.504e-05  NAND2_X1
add_60_U2                      0.0001562   0.0001139   0.0002944   2.435e-05  AND2_X1
regsum_U15                     0.0001463   0.0001306   0.0002942   1.735e-05  NAND2_X1
regb2_U13                      0.0001433   0.0001321   0.0002927   1.739e-05  NAND2_X1
mult_78_U125                   8.477e-05   0.0001924   0.0002914   1.423e-05  INV_X1
regY_U10                       0.0001786   8.105e-05   0.0002911   3.151e-05  OAI21_X1
regY_U15                       0.0001458   0.0001279   0.0002911   1.735e-05  NAND2_X1
rega1_U11                      0.0001449   0.0001275   0.0002899   1.739e-05  NAND2_X1
rega1_U7                        0.000146   0.0001265   0.0002897   1.731e-05  NAND2_X1
mult_85_U129                   2.797e-05   0.0002461   0.0002884   1.435e-05  INV_X1
regsum_U8                      0.0001785   7.801e-05    0.000288    3.15e-05  OAI21_X1
regsum_U10                     0.0001785   7.793e-05   0.0002878   3.139e-05  OAI21_X1
mult_68_U128                   2.797e-05    0.000245   0.0002873   1.435e-05  INV_X1
regb0_U11                      0.0001415   0.0001276   0.0002864   1.739e-05  NAND2_X1
mult_68_U125                   8.476e-05   0.0001869   0.0002859   1.423e-05  INV_X1
mult_68_U189                   0.0001187   0.0001519   0.0002856   1.504e-05  NAND2_X1
mult_68_U143                   0.0001616   9.877e-05   0.0002855   2.516e-05  AND2_X1
mult_73_U128                   2.798e-05   0.0002426    0.000285   1.435e-05  INV_X1
mult_73_U143                   0.0001615   9.829e-05    0.000285   2.516e-05  AND2_X1
mult_85_U128                   2.799e-05   0.0002419   0.0002843   1.435e-05  INV_X1
mult_78_U143                   0.0001614   9.662e-05   0.0002831   2.516e-05  AND2_X1
mult_73_U125                   8.482e-05    0.000184    0.000283   1.423e-05  INV_X1
mult_78_U169                   9.541e-05   0.0001723   0.0002827   1.503e-05  NAND2_X1
regY_U18                       0.0001784   7.292e-05   0.0002827    3.14e-05  OAI21_X1
mult_73_U130                     2.8e-05   0.0002403   0.0002826   1.435e-05  INV_X1
mult_85_U130                     2.8e-05     0.00024   0.0002824   1.435e-05  INV_X1
regb2_U6                       0.0001744   7.643e-05   0.0002822   3.132e-05  OAI21_X1
mult_73_U189                   0.0001189   0.0001482   0.0002822   1.504e-05  NAND2_X1
regU_U2                        0.0001758   7.481e-05   0.0002819   3.129e-05  OAI21_X1
regb2_U8                       0.0001739   7.623e-05   0.0002813    3.12e-05  OAI21_X1
mult_68_U129                   2.801e-05   0.0002377   0.0002801   1.435e-05  INV_X1
mult_68_U130                   2.801e-05   0.0002376     0.00028   1.435e-05  INV_X1
mult_78_U189                    0.000119   0.0001443   0.0002783   1.504e-05  NAND2_X1
mult_73_U153                   0.0001088   0.0001464   0.0002767    2.15e-05  NOR2_X1
regb1_U7                       0.0001415   0.0001164   0.0002752   1.731e-05  NAND2_X1
mult_68_U188                   9.083e-05   0.0001626   0.0002751   2.171e-05  NOR2_X1
mult_78_U153                   0.0001089   0.0001447   0.0002751    2.15e-05  NOR2_X1
regU_U17                       0.0001357   0.0001218   0.0002749   1.736e-05  NAND2_X1
regb0_U7                       0.0001417   0.0001153   0.0002743   1.731e-05  NAND2_X1
regU_U15                        0.000133   0.0001211   0.0002715   1.735e-05  NAND2_X1
mult_68_U153                    0.000109   0.0001404   0.0002709    2.15e-05  NOR2_X1
mult_73_U188                   9.119e-05   0.0001539   0.0002668   2.171e-05  NOR2_X1
mult_68_U131                   2.808e-05   0.0002241   0.0002665   1.435e-05  INV_X1
rega1_U9                       0.0001246   0.0001244   0.0002665   1.739e-05  NAND2_X1
mult_78_U188                   9.132e-05   0.0001534   0.0002664   2.171e-05  NOR2_X1
mult_78_U152                   0.0001023   0.0001419   0.0002657    2.15e-05  NOR2_X1
mult_68_U152                   0.0001024   0.0001407   0.0002646    2.15e-05  NOR2_X1
mult_73_U170                   6.525e-05   0.0001821   0.0002642   1.683e-05  NAND2_X1
mult_73_U132                    2.81e-05   0.0002216   0.0002641   1.435e-05  INV_X1
mult_73_U152                   0.0001024   0.0001394   0.0002633    2.15e-05  NOR2_X1
mult_78_U132                   2.811e-05   0.0002196   0.0002621   1.435e-05  INV_X1
mult_73_U131                   2.812e-05   0.0002173   0.0002598   1.435e-05  INV_X1
mult_73_U182                   0.0001197    0.000125   0.0002597   1.504e-05  NAND2_X1
regU_U16                       0.0001626   6.585e-05   0.0002597    3.13e-05  OAI21_X1
mult_78_U203                   9.125e-05   0.0001466   0.0002596   2.171e-05  NOR2_X1
mult_68_U202                   0.0001025   0.0001354   0.0002594    2.15e-05  NOR2_X1
regb0_U9                       0.0001212   0.0001207   0.0002593   1.739e-05  NAND2_X1
mult_85_U167                   8.239e-05   0.0001476   0.0002592   2.917e-05  NAND2_X1
mult_68_U201                   9.587e-05   0.0001413   0.0002587   2.151e-05  NOR2_X1
mult_73_U203                   9.126e-05   0.0001457   0.0002587   2.171e-05  NOR2_X1
mult_68_U203                   9.124e-05   0.0001451   0.0002581   2.171e-05  NOR2_X1
mult_85_U131                   2.813e-05   0.0002153   0.0002578   1.435e-05  INV_X1
mult_78_U151                   9.588e-05   0.0001394   0.0002568   2.151e-05  NOR2_X1
mult_73_U202                   0.0001026   0.0001323   0.0002564    2.15e-05  NOR2_X1
mult_73_U197                   0.0001199   0.0001209   0.0002558   1.504e-05  NAND2_X1
mult_78_U182                   0.0001199   0.0001207   0.0002557   1.504e-05  NAND2_X1
mult_68_U197                   0.0001199   0.0001201    0.000255   1.504e-05  NAND2_X1
regb1_U9                       0.0001211   0.0001163   0.0002548   1.739e-05  NAND2_X1
mult_85_U132                   2.815e-05   0.0002121   0.0002546   1.435e-05  INV_X1
mult_78_U131                   2.815e-05   0.0002121   0.0002546   1.435e-05  INV_X1
regU_U14                       0.0001487   7.356e-05   0.0002536   3.131e-05  OAI21_X1
mult_68_U132                   2.816e-05   0.0002104   0.0002529   1.435e-05  INV_X1
mult_68_U182                     0.00012   0.0001173   0.0002523   1.504e-05  NAND2_X1
mult_78_U197                     0.00012   0.0001169   0.0002519   1.504e-05  NAND2_X1
regU2_U18                      0.0001493   6.863e-05   0.0002509    3.29e-05  OAI21_X1
mult_68_U180                   8.905e-05   0.0001399   0.0002507   2.171e-05  NOR2_X1
mult_78_U202                   0.0001027   0.0001261   0.0002503    2.15e-05  NOR2_X1
mult_68_U170                   6.556e-05   0.0001678   0.0002502   1.683e-05  NAND2_X1
mult_73_U180                   8.907e-05   0.0001393   0.0002501   2.171e-05  NOR2_X1
mult_73_U201                    9.61e-05    0.000131   0.0002486   2.151e-05  NOR2_X1
mult_68_U174                   8.884e-05   0.0001371   0.0002476   2.171e-05  NOR2_X1
mult_73_U151                   9.612e-05   0.0001298   0.0002474   2.151e-05  NOR2_X1
mult_73_U174                   8.886e-05    0.000136   0.0002465   2.171e-05  NOR2_X1
regU2_U16                      0.0001454   6.794e-05   0.0002463    3.29e-05  OAI21_X1
regY_U11                       0.0001238   0.0001055   0.0002462   1.695e-05  NAND2_X1
regY_U13                       0.0001224   0.0001062    0.000246   1.734e-05  NAND2_X1
regsum_U13                     0.0001216   0.0001059   0.0002448   1.735e-05  NAND2_X1
mult_78_U201                   9.618e-05    0.000127   0.0002447   2.151e-05  NOR2_X1
mult_85_U125                     7.1e-05   0.0001592   0.0002443   1.415e-05  INV_X1
mult_73_U196                   9.186e-05   0.0001306   0.0002442   2.171e-05  NOR2_X1
mult_68_U151                    9.62e-05   0.0001264   0.0002441   2.151e-05  NOR2_X1
mult_73_U195                   8.937e-05   0.0001324   0.0002435   2.171e-05  NOR2_X1
mult_78_U174                    8.91e-05   0.0001311   0.0002419   2.171e-05  NOR2_X1
mult_78_U195                   8.957e-05   0.0001302   0.0002414   2.171e-05  NOR2_X1
mult_73_U187                   8.956e-05   0.0001301   0.0002413   2.171e-05  NOR2_X1
regU_U13                       0.0001163   0.0001066   0.0002402   1.735e-05  NAND2_X1
mult_68_U187                   8.954e-05   0.0001281   0.0002394   2.171e-05  NOR2_X1
mult_78_U180                   8.965e-05   0.0001275   0.0002389   2.171e-05  NOR2_X1
mult_68_U195                   8.958e-05   0.0001272   0.0002385   2.171e-05  NOR2_X1
mult_78_U170                   6.577e-05   0.0001559   0.0002385   1.683e-05  NAND2_X1
mult_73_U179                   8.422e-05   0.0001325   0.0002384   2.171e-05  NOR2_X1
mult_73_U144                   0.0001156   0.0001059   0.0002383   1.683e-05  NAND2_X1
mult_68_U186                    8.42e-05   0.0001322   0.0002382   2.171e-05  NOR2_X1
regsum_U9                       0.000124   9.707e-05   0.0002381   1.697e-05  NAND2_X1
regb2_U11                      0.0001207   9.971e-05   0.0002378   1.739e-05  NAND2_X1
mult_78_U187                   8.982e-05   0.0001262   0.0002377   2.171e-05  NOR2_X1
mult_73_U173                   8.396e-05   0.0001306   0.0002363   2.171e-05  NOR2_X1
mult_78_U194                   8.444e-05   0.0001294   0.0002355   2.171e-05  NOR2_X1
regb2_U7                       0.0001192   9.852e-05    0.000235   1.722e-05  NAND2_X1
mult_68_U196                   9.228e-05    0.000121    0.000235   2.171e-05  NOR2_X1
mult_68_U144                   0.0001158   0.0001019   0.0002345   1.683e-05  NAND2_X1
mult_73_U200                   8.865e-05   0.0001243   0.0002344   2.151e-05  NOR2_X1
mult_78_U200                   8.865e-05   0.0001239    0.000234   2.151e-05  NOR2_X1
mult_78_U144                   0.0001157   0.0001011   0.0002337   1.683e-05  NAND2_X1
mult_73_U194                   8.447e-05   0.0001267   0.0002329   2.171e-05  NOR2_X1
mult_78_U181                    9.25e-05   0.0001182   0.0002325   2.171e-05  NOR2_X1
mult_78_U179                   8.461e-05   0.0001253   0.0002316   2.171e-05  NOR2_X1
regU_U11                        0.000104   0.0001094   0.0002308   1.733e-05  NAND2_X1
regU2_U12                      0.0001345   6.236e-05   0.0002298    3.29e-05  OAI21_X1
mult_68_U181                   9.257e-05   0.0001153   0.0002295   2.171e-05  NOR2_X1
mult_73_U163                   0.0001213   8.784e-05   0.0002295   2.031e-05  AOI222_X1
mult_78_U196                    9.27e-05   0.0001149   0.0002293   2.171e-05  NOR2_X1
mult_78_U163                   0.0001213   8.746e-05    0.000229   2.031e-05  AOI222_X1
mult_68_U200                   8.875e-05   0.0001182   0.0002284   2.151e-05  NOR2_X1
mult_68_U179                   8.468e-05   0.0001218   0.0002282   2.171e-05  NOR2_X1
mult_73_U157                   6.557e-05   0.0001454   0.0002278   1.683e-05  NAND2_X1
mult_73_U168                   6.599e-05   0.0001448   0.0002276   1.683e-05  NAND2_X1
mult_78_U186                   8.491e-05   0.0001202   0.0002268   2.171e-05  NOR2_X1
mult_78_U173                   8.442e-05   0.0001202   0.0002264   2.171e-05  NOR2_X1
mult_73_U186                   8.488e-05   0.0001193   0.0002259   2.171e-05  NOR2_X1
mult_68_U173                   8.442e-05   0.0001197   0.0002258   2.171e-05  NOR2_X1
mult_68_U163                   0.0001212    8.42e-05   0.0002257   2.031e-05  AOI222_X1
mult_73_U181                   9.272e-05   0.0001109   0.0002253   2.171e-05  NOR2_X1
mult_68_U194                   8.478e-05   0.0001188   0.0002253   2.171e-05  NOR2_X1
mult_85_U143                   0.0001229    7.69e-05    0.000225    2.52e-05  AND2_X1
regU_U9                        0.0001209   8.688e-05   0.0002248   1.699e-05  NAND2_X1
mult_73_U158                   6.999e-05   0.0001369   0.0002237   1.683e-05  NAND2_X1
mult_85_U169                   7.215e-05   0.0001374   0.0002235   1.388e-05  NAND2_X1
mult_78_U133                   2.832e-05   0.0001794   0.0002221   1.435e-05  INV_X1
mult_68_U133                   2.833e-05   0.0001772   0.0002198   1.435e-05  INV_X1
regsum_U11                     0.0001065   9.602e-05   0.0002198   1.733e-05  NAND2_X1
mult_78_U172                   7.835e-05   0.0001195   0.0002195   2.171e-05  NOR2_X1
regU2_U10                      0.0001279   5.761e-05   0.0002184    3.29e-05  OAI21_X1
mult_68_U149                   7.524e-05    0.000121   0.0002177   2.151e-05  NOR2_X1
mult_68_U158                   6.997e-05   0.0001307   0.0002175   1.683e-05  NAND2_X1
regY_U19                       0.0001065   9.253e-05   0.0002163   1.733e-05  NAND2_X1
mult_73_U149                   7.526e-05   0.0001193   0.0002161   2.151e-05  NOR2_X1
mult_68_U172                   7.853e-05   0.0001149   0.0002151   2.171e-05  NOR2_X1
regU_U12                        0.000133   5.032e-05   0.0002146   3.133e-05  OAI21_X1
mult_73_U133                   2.836e-05   0.0001716   0.0002144   1.435e-05  INV_X1
regU2_U19                      0.0001205   7.609e-05   0.0002134   1.683e-05  NAND2_X1
mult_85_U133                   2.837e-05     0.00017   0.0002128   1.435e-05  INV_X1
mult_73_U172                    7.86e-05   0.0001123   0.0002126   2.171e-05  NOR2_X1
mult_85_U153                    7.52e-05   0.0001156   0.0002124   2.165e-05  NOR2_X1
mult_78_U192                   6.402e-05   0.0001255   0.0002112   2.171e-05  NOR2_X1
regU_U8                        0.0001253     5.3e-05   0.0002097   3.147e-05  OAI21_X1
regU_U10                        0.000125   5.307e-05   0.0002094   3.138e-05  OAI21_X1
mult_78_U157                   6.551e-05   0.0001267   0.0002091   1.683e-05  NAND2_X1
mult_85_U175                   7.376e-05   0.0001207   0.0002083   1.388e-05  NAND2_X1
mult_78_U158                   6.991e-05   0.0001215   0.0002082   1.683e-05  NAND2_X1
mult_85_U188                   6.231e-05   0.0001238    0.000208   2.196e-05  NOR2_X1
mult_78_U126                   5.914e-05   0.0001358   0.0002079   1.301e-05  INV_X1
mult_85_U189                   7.376e-05   0.0001194   0.0002071   1.388e-05  NAND2_X1
mult_85_U152                   7.145e-05   0.0001136   0.0002067   2.165e-05  NOR2_X1
mult_78_U149                   7.544e-05   0.0001091   0.0002061   2.151e-05  NOR2_X1
mult_68_U126                   5.919e-05   0.0001337   0.0002059   1.301e-05  INV_X1
mult_85_U147                   7.376e-05   0.0001182   0.0002059   1.388e-05  NAND2_X1
regb2_U9                       0.0001027   8.545e-05   0.0002056   1.739e-05  NAND2_X1
mult_85_U170                   5.191e-05   0.0001371   0.0002056   1.655e-05  NAND2_X1
mult_73_U126                   5.915e-05   0.0001325   0.0002047   1.301e-05  INV_X1
mult_68_U199                   7.547e-05   0.0001076   0.0002046   2.151e-05  NOR2_X1
mult_68_U192                   6.408e-05   0.0001188   0.0002046   2.171e-05  NOR2_X1
mult_68_U157                   6.552e-05   0.0001199   0.0002023   1.683e-05  NAND2_X1
regU2_U8                       0.0001191   5.026e-05   0.0002022   3.291e-05  OAI21_X1
mult_73_U150                    8.95e-05   9.092e-05   0.0002019   2.151e-05  NOR2_X1
mult_78_U168                   6.651e-05   0.0001184   0.0002017   1.683e-05  NAND2_X1
mult_78_U184                   6.434e-05   0.0001154   0.0002015   2.171e-05  NOR2_X1
mult_68_U148                   7.258e-05   0.0001072   0.0002013   2.151e-05  NOR2_X1
mult_78_U177                   6.426e-05   0.0001147   0.0002007   2.171e-05  NOR2_X1
mult_68_U168                   6.656e-05   0.0001172   0.0002006   1.683e-05  NAND2_X1
mult_73_U192                    6.42e-05   0.0001145   0.0002004   2.171e-05  NOR2_X1
mult_68_U150                   8.959e-05   8.921e-05   0.0002003   2.151e-05  NOR2_X1
mult_68_U177                   6.421e-05   0.0001144   0.0002003   2.171e-05  NOR2_X1
mult_68_U193                   7.955e-05   9.894e-05   0.0002002   2.171e-05  NOR2_X1
mult_78_U150                   8.956e-05   8.884e-05   0.0001999   2.151e-05  NOR2_X1
mult_85_U202                   7.147e-05   0.0001067   0.0001998   2.165e-05  NOR2_X1
mult_68_U185                   7.957e-05   9.845e-05   0.0001997   2.171e-05  NOR2_X1
mult_68_U184                    6.42e-05   0.0001137   0.0001997   2.171e-05  NOR2_X1
mult_78_U199                   7.558e-05   0.0001022   0.0001993   2.151e-05  NOR2_X1
mult_85_U203                   6.215e-05   0.0001138   0.0001979   2.196e-05  NOR2_X1
mult_73_U184                   6.435e-05   0.0001116   0.0001977   2.171e-05  NOR2_X1
mult_73_U156                    6.66e-05   0.0001139   0.0001973   1.683e-05  NAND2_X1
mult_73_U154                   5.849e-05    0.000122   0.0001973   1.681e-05  NAND2_X1
mult_68_U159                   7.409e-05   0.0001062   0.0001971   1.683e-05  NAND2_X1
mult_78_U159                   7.405e-05   0.0001059   0.0001968   1.683e-05  NAND2_X1
mult_73_U159                    7.41e-05   0.0001055   0.0001964   1.683e-05  NAND2_X1
mult_73_U177                   6.431e-05   0.0001099   0.0001959   2.171e-05  NOR2_X1
mult_85_U151                   6.788e-05   0.0001058   0.0001954   2.165e-05  NOR2_X1
mult_85_U201                   6.788e-05   0.0001055    0.000195   2.165e-05  NOR2_X1
mult_73_U199                   7.568e-05   9.703e-05   0.0001942   2.151e-05  NOR2_X1
mult_78_U185                   8.018e-05   9.125e-05   0.0001931   2.171e-05  NOR2_X1
regU2_U14                      0.0001065   5.365e-05    0.000193   3.294e-05  OAI21_X1
mult_73_U178                   8.001e-05   9.071e-05   0.0001924   2.171e-05  NOR2_X1
mult_73_U185                   8.014e-05   9.016e-05    0.000192   2.171e-05  NOR2_X1
mult_78_U178                   8.012e-05   9.017e-05    0.000192   2.171e-05  NOR2_X1
mult_68_U198                    7.27e-05   9.776e-05    0.000192   2.151e-05  NOR2_X1
mult_78_U171                   6.408e-05    0.000106   0.0001918   2.171e-05  NOR2_X1
mult_78_U193                   8.019e-05   8.966e-05   0.0001916   2.171e-05  NOR2_X1
mult_73_U193                   8.008e-05   8.929e-05   0.0001911   2.171e-05  NOR2_X1
mult_85_U195                   5.926e-05   0.0001094   0.0001906   2.196e-05  NOR2_X1
mult_68_U191                    6.77e-05   0.0001011   0.0001905   2.171e-05  NOR2_X1
mult_73_U198                   7.275e-05    9.61e-05   0.0001904   2.151e-05  NOR2_X1
regU2_U6                       0.0001104   4.692e-05   0.0001902   3.291e-05  OAI21_X1
mult_68_U178                   8.017e-05   8.799e-05   0.0001899   2.171e-05  NOR2_X1
mult_85_U200                   6.368e-05   0.0001043   0.0001897   2.165e-05  NOR2_X1
mult_85_U158                   5.693e-05   0.0001161   0.0001896   1.655e-05  NAND2_X1
mult_73_U171                   6.411e-05    0.000103   0.0001888   2.171e-05  NOR2_X1
mult_73_U148                   7.278e-05   9.387e-05   0.0001882   2.151e-05  NOR2_X1
mult_85_U180                   5.927e-05   0.0001068   0.0001881   2.196e-05  NOR2_X1
mult_73_U183                   6.792e-05   9.803e-05   0.0001877   2.171e-05  NOR2_X1
mult_78_U198                   7.279e-05   9.326e-05   0.0001876   2.151e-05  NOR2_X1
mult_85_U187                    5.93e-05   0.0001062   0.0001875   2.196e-05  NOR2_X1
mult_73_U191                   6.785e-05   9.764e-05   0.0001872   2.171e-05  NOR2_X1
mult_78_U164                   7.294e-05   9.257e-05    0.000187   2.151e-05  NOR2_X1
mult_85_U181                    6.23e-05   0.0001025   0.0001867   2.196e-05  NOR2_X1
mult_68_U171                   6.419e-05   0.0001008   0.0001867   2.171e-05  NOR2_X1
mult_68_U154                   5.848e-05   0.0001101   0.0001854   1.681e-05  NAND2_X1
mult_78_U183                   6.811e-05   9.548e-05   0.0001853   2.171e-05  NOR2_X1
mult_78_U191                   6.804e-05   9.545e-05   0.0001852   2.171e-05  NOR2_X1
mult_68_U183                   6.792e-05    9.54e-05    0.000185   2.171e-05  NOR2_X1
mult_78_U156                   6.683e-05   0.0001013   0.0001849   1.683e-05  NAND2_X1
mult_68_U156                   6.689e-05   0.0001011   0.0001848   1.683e-05  NAND2_X1
mult_73_U164                   7.294e-05   9.016e-05   0.0001846   2.151e-05  NOR2_X1
regU2_U17                      9.093e-05    7.68e-05   0.0001846   1.683e-05  NAND2_X1
mult_78_U176                   6.804e-05    9.46e-05   0.0001844   2.171e-05  NOR2_X1
mult_78_U148                   7.283e-05   8.984e-05   0.0001842   2.151e-05  NOR2_X1
mult_68_U123                   5.202e-05    0.000119   0.0001839   1.288e-05  INV_X1
mult_73_U190                   6.404e-05   9.808e-05   0.0001838   2.172e-05  NOR2_X1
regU2_U4                       0.0001059   4.476e-05   0.0001836   3.292e-05  OAI21_X1
mult_68_U164                   7.293e-05    8.85e-05   0.0001829   2.151e-05  NOR2_X1
mult_78_U190                   6.418e-05   9.689e-05   0.0001828   2.172e-05  NOR2_X1
mult_78_U154                   5.846e-05   0.0001068   0.0001821   1.681e-05  NAND2_X1
mult_85_U174                   5.895e-05    0.000101   0.0001819   2.196e-05  NOR2_X1
mult_85_U157                   5.408e-05   0.0001112   0.0001818   1.655e-05  NAND2_X1
mult_85_U197                   7.387e-05   9.403e-05   0.0001818   1.388e-05  NAND2_X1
mult_85_U196                   6.231e-05   9.738e-05   0.0001816   2.196e-05  NOR2_X1
mult_85_U179                   5.677e-05   0.0001029   0.0001816   2.196e-05  NOR2_X1
mult_85_U182                   7.388e-05   9.352e-05   0.0001813   1.388e-05  NAND2_X1
mult_78_U123                   5.211e-05   0.0001159   0.0001809   1.288e-05  INV_X1
mult_73_U176                   6.812e-05    9.06e-05   0.0001804   2.171e-05  NOR2_X1
mult_85_U194                   5.677e-05   0.0001017   0.0001804   2.196e-05  NOR2_X1
mult_73_U123                   5.213e-05   0.0001146   0.0001796   1.288e-05  INV_X1
mult_68_U190                   6.417e-05   9.314e-05    0.000179   2.172e-05  NOR2_X1
mult_68_U176                   6.821e-05   8.876e-05   0.0001787   2.171e-05  NOR2_X1
mult_85_U172                   5.356e-05   0.0001029   0.0001784   2.196e-05  NOR2_X1
mult_85_U173                   5.644e-05      0.0001   0.0001784   2.196e-05  NOR2_X1
mult_85_U186                   5.682e-05   9.791e-05   0.0001767   2.196e-05  NOR2_X1
mult_85_U163                   9.331e-05   6.277e-05   0.0001753   1.923e-05  AOI222_X1
mult_85_U177                   5.077e-05   0.0001017   0.0001744   2.196e-05  NOR2_X1
mult_85_U159                   5.921e-05   9.845e-05   0.0001742   1.655e-05  NAND2_X1
mult_85_U126                    4.98e-05   0.0001106   0.0001732   1.279e-05  INV_X1
mult_85_U149                   5.772e-05   9.361e-05    0.000173   2.166e-05  NOR2_X1
mult_85_U168                   5.165e-05   0.0001038    0.000172   1.655e-05  NAND2_X1
mult_85_U192                   5.076e-05   9.659e-05   0.0001693   2.196e-05  NOR2_X1
mult_73_U127                   4.583e-05   0.0001039   0.0001666   1.685e-05  INV_X1
mult_85_U199                   5.773e-05   8.617e-05   0.0001656   2.166e-05  NOR2_X1
mult_85_U184                   5.078e-05   9.257e-05   0.0001653   2.196e-05  NOR2_X1
mult_78_U127                   4.531e-05   0.0001027   0.0001648   1.685e-05  INV_X1
mult_85_U123                   4.527e-05   0.0001063   0.0001643   1.267e-05  INV_X1
mult_68_U127                   4.558e-05   0.0001013   0.0001638   1.685e-05  INV_X1
mult_85_U171                   5.041e-05   9.098e-05   0.0001634   2.196e-05  NOR2_X1
regU2_U7                       7.411e-05   6.973e-05   0.0001607   1.683e-05  NAND2_X1
mult_85_U144                   6.641e-05   7.675e-05   0.0001597   1.655e-05  NAND2_X1
mult_85_U150                   6.382e-05   7.381e-05   0.0001593   2.165e-05  NOR2_X1
regX0_U6                       8.483e-05   4.256e-05   0.0001586    3.12e-05  OAI21_X1
mult_85_U164                   5.707e-05   7.936e-05   0.0001581   2.166e-05  NOR2_X1
regU2_U11                      7.406e-05   6.707e-05    0.000158   1.683e-05  NAND2_X1
mult_85_U198                   5.699e-05   7.917e-05   0.0001578   2.166e-05  NOR2_X1
regU2_U13                      7.821e-05   6.236e-05   0.0001574   1.683e-05  NAND2_X1
mult_85_U148                     5.7e-05    7.84e-05    0.000157   2.166e-05  NOR2_X1
mult_68_U155                   5.868e-05   8.153e-05    0.000157   1.682e-05  NAND2_X1
mult_85_U156                   5.154e-05   8.893e-05    0.000157   1.655e-05  NAND2_X1
mult_85_U183                   4.971e-05   8.522e-05   0.0001569   2.196e-05  NOR2_X1
mult_85_U191                   4.968e-05   8.515e-05   0.0001568   2.196e-05  NOR2_X1
regX0_U12                      8.473e-05   4.044e-05   0.0001564    3.12e-05  OAI21_X1
mult_78_U155                   5.865e-05   8.062e-05   0.0001561   1.682e-05  NAND2_X1
mult_85_U185                   5.402e-05   8.003e-05    0.000156   2.196e-05  NOR2_X1
mult_85_U154                   4.952e-05   8.961e-05   0.0001557   1.655e-05  NAND2_X1
mult_85_U193                   5.399e-05   7.959e-05   0.0001555   2.196e-05  NOR2_X1
mult_73_U155                   5.871e-05   7.964e-05   0.0001552   1.682e-05  NAND2_X1
regX0_U4                        8.47e-05   3.892e-05   0.0001548    3.12e-05  OAI21_X1
mult_85_U190                   4.939e-05   8.301e-05   0.0001544   2.196e-05  NOR2_X1
regU2_U5                        6.51e-05    7.14e-05   0.0001533   1.682e-05  NAND2_X1
regX0_U2                       8.465e-05   3.718e-05    0.000153    3.12e-05  OAI21_X1
mult_85_U178                   5.402e-05   7.685e-05   0.0001528   2.196e-05  NOR2_X1
regU2_U9                       7.257e-05   6.296e-05   0.0001524   1.683e-05  NAND2_X1
regX0_U10                      8.459e-05   3.625e-05    0.000152    3.12e-05  OAI21_X1
regX0_U14                       8.46e-05    3.58e-05   0.0001516    3.12e-05  OAI21_X1
regX0_U8                       8.457e-05   3.496e-05   0.0001507    3.12e-05  OAI21_X1
mult_85_U176                   4.971e-05   7.816e-05   0.0001498   2.196e-05  NOR2_X1
mult_85_U127                    3.75e-05   8.711e-05   0.0001416   1.703e-05  INV_X1
mult_85_U155                   4.945e-05   7.477e-05   0.0001408   1.655e-05  NAND2_X1
regU2_U15                      7.323e-05   4.952e-05   0.0001377   1.497e-05  NAND2_X1
mult_73_U165                   4.758e-05   4.204e-05   0.0001239   3.426e-05  NOR4_X1
mult_68_U165                   4.759e-05   4.021e-05   0.0001221   3.426e-05  NOR4_X1
mult_78_U165                    4.76e-05   3.928e-05   0.0001211   3.426e-05  NOR4_X1
mult_85_U165                   3.526e-05   3.141e-05   0.0001018    3.51e-05  NOR4_X1
regX0_U13                      4.073e-05   3.609e-05   9.421e-05   1.739e-05  NAND2_X1
regX0_U11                      4.073e-05   3.589e-05   9.401e-05   1.739e-05  NAND2_X1
regX0_U5                        4.07e-05   3.284e-05   9.093e-05   1.739e-05  NAND2_X1
regX0_U7                        4.07e-05   3.266e-05   9.075e-05   1.739e-05  NAND2_X1
regX0_U15                      4.067e-05   3.209e-05   9.016e-05   1.739e-05  NAND2_X1
regX0_U3                       4.067e-05   3.208e-05   9.015e-05   1.739e-05  NAND2_X1
regX0_U9                       4.067e-05   3.186e-05   8.992e-05   1.739e-05  NAND2_X1
mult_68_U124                   1.996e-05   4.709e-05   7.744e-05   1.038e-05  INV_X1
mult_73_U124                   1.994e-05   4.572e-05   7.604e-05   1.038e-05  INV_X1
mult_78_U124                   1.993e-05   4.519e-05   7.551e-05   1.038e-05  INV_X1
mult_85_U124                   1.401e-05   3.399e-05   5.831e-05   1.031e-05  INV_X1

---------------------------------------------------------------------------------------

Total (    696 of    696  )       0.3139      0.1799     0.5218     0.02793
Total Capacitance                3.774e-12 F
Power Density                   *** No Die Area ***
