*----------------------------------------------------------------------------------------
*	Innovus 17.11-s080_1 (64bit) 08/04/2017 11:13 (Linux 2.6.18-194.el5)
*	
*
* 	Date & Time:	2021-Nov-17 18:19:25 (2021-Nov-17 17:19:25 GMT)
*
*----------------------------------------------------------------------------------------
*
*	Design: IIR_filter
*
*	Liberty Libraries used: 
*	        MyAnView: /home/isa06_2021_2022/lab1/lab1/innovus/IIR_filter.enc.dat/libs/mmmc/NangateOpenCellLibrary_typical_ecsm_nowlm.lib
*
*	Power Domain used: 
*		Rail:        VDD 	Voltage:        1.1 
*
*       Power View : MyAnView
*
*       User-Defined Activity : N.A.
*
*	Switching Activity File used: 
*	        ../vcd/design.vcd
*			Vcd Window used(Start Time, Stop Time):(-3.94153e-22, -3.94153e-22) 
*                     Vcd Scale Factor: 1 
**                    Design annotation coverage: 0/646 = 0% 
*
*       Hierarchical Global Activity: N.A.
*
*       Global Activity: N.A.
*
*       Sequential Element Activity: N.A.
*
*       Primary Input Activity: 0.200000
*
*       Default icg ratio: N.A.
*
*       Global Comb ClockGate Ratio: N.A.
*
*	Power Units = 1mW
*
*	Time Units = 1e-09 secs 
*
*       Temperature = 25 
*
*       report_power -outfile .//IIR_filter.rpt -rail_analysis_format VS
*
-----------------------------------------------------------------------------------------
Cell                            Internal   Switching       Total     Leakage   Cell
                                   Power       Power       Power       Power   Name
--------------------------------------------------------------------------------------
add_56_U1_7                     0.001485    0.001826    0.003385   7.297e-05  FA_X1
add_56_U1_2                     0.001383    0.001805     0.00326   7.206e-05  FA_X1
regU_Q_reg_7_                    0.00147    0.001645    0.003201   8.565e-05  DFFR_X1
add_56_U1_6                     0.001478    0.001495    0.003046   7.293e-05  FA_X1
add_56_U1_5                     0.001476    0.001352      0.0029   7.283e-05  FA_X1
add_56_U1_4                     0.001476    0.001346    0.002894   7.272e-05  FA_X1
add_56_U1_3                     0.001461    0.001251    0.002785    7.25e-05  FA_X1
mult_66_U8                      0.001474    0.001175    0.002716    6.74e-05  FA_X1
mult_66_U7                      0.001467    0.001069    0.002606   7.029e-05  FA_X1
mult_66_U36                     0.001454     0.00104    0.002564   6.995e-05  FA_X1
mult_66_U18                     0.001466    0.001008     0.00255   7.624e-05  FA_X1
mult_66_U25                     0.001456    0.001009    0.002536   7.018e-05  FA_X1
mult_66_U30                      0.00146   0.0009995    0.002532     7.3e-05  FA_X1
mult_66_U21                     0.001458   0.0009914    0.002522   7.281e-05  FA_X1
mult_66_U6                      0.001464   0.0009698    0.002507    7.25e-05  FA_X1
mult_68_U6                      0.001462   0.0009611    0.002495   7.234e-05  FA_X1
mult_68_U5                      0.001458   0.0009438    0.002473   7.064e-05  FA_X1
regU_Q_reg_2_                   0.001453   0.0009314     0.00247   8.565e-05  DFFR_X1
mult_64_U6                      0.001461   0.0009366     0.00247   7.234e-05  FA_X1
mult_64_U5                      0.001458   0.0009313     0.00246   7.064e-05  FA_X1
mult_66_U5                      0.001461    0.000913    0.002446   7.171e-05  FA_X1
mult_66_U4                      0.001462   0.0009067    0.002442   7.317e-05  FA_X1
mult_66_U26                     0.001458   0.0009083    0.002442   7.503e-05  FA_X1
mult_66_U22                     0.001453   0.0009056     0.00243   7.144e-05  FA_X1
mult_68_U4                      0.001459   0.0008956    0.002426   7.214e-05  FA_X1
mult_64_U4                      0.001457   0.0008374    0.002366   7.214e-05  FA_X1
add_56_U1_1                     0.001196    0.001098    0.002365   7.117e-05  FA_X1
mult_66_U3                      0.001461   0.0008191    0.002355   7.513e-05  FA_X1
mult_68_U3                      0.001458   0.0008159    0.002348   7.485e-05  FA_X1
mult_66_U16                     0.001453   0.0007904    0.002314    7.08e-05  FA_X1
mult_64_U3                      0.001456   0.0007785    0.002309   7.485e-05  FA_X1
mult_66_U42                     0.001443   0.0007145    0.002223   6.613e-05  FA_X1
regU_Q_reg_6_                   0.001464   0.0006646    0.002214   8.565e-05  DFFR_X1
mult_66_U37                     0.001258   0.0008576    0.002185   6.948e-05  FA_X1
mult_66_U32                     0.001263   0.0008435    0.002184   7.759e-05  FA_X1
add_72_U1_2                     0.001453   0.0006178    0.002146   7.467e-05  FA_X1
add_72_U1_6                     0.001457   0.0006048    0.002137   7.576e-05  FA_X1
add_72_U1_5                     0.001451   0.0006021    0.002129   7.563e-05  FA_X1
add_72_U1_4                     0.001451   0.0005981    0.002125   7.549e-05  FA_X1
add_72_U1_3                     0.001451   0.0005904    0.002116   7.521e-05  FA_X1
add_72_U1_1                     0.001455   0.0005776    0.002106   7.357e-05  FA_X1
mult_66_U27                     0.001264   0.0007661    0.002103   7.327e-05  FA_X1
mult_66_U31                     0.001248   0.0007503    0.002066    6.76e-05  FA_X1
regU_Q_reg_4_                   0.001454   0.0005112    0.002051   8.565e-05  DFFR_X1
regU_Q_reg_3_                   0.001452   0.0004911    0.002028   8.565e-05  DFFR_X1
mult_64_U7                      0.001175   0.0007806    0.002026   7.012e-05  FA_X1
mult_68_U7                      0.001175   0.0007707    0.002016   7.012e-05  FA_X1
regU_Q_reg_5_                   0.001453   0.0004607    0.001999   8.565e-05  DFFR_X1
mult_66_U19                     0.001258   0.0006188     0.00195   7.275e-05  FA_X1
mult_66_U23                      0.00114   0.0007148     0.00194   8.547e-05  FA_X1
regU_Q_reg_1_                    0.00134   0.0004585    0.001884   8.565e-05  DFFR_X1
regU_Q_reg_0_                   0.001301   0.0004555    0.001842   8.565e-05  DFFR_X1
mult_68_U18                     0.001043   0.0006939    0.001813   7.644e-05  FA_X1
mult_64_U25                     0.001033   0.0007008    0.001803    6.83e-05  FA_X1
mult_68_U25                     0.001034   0.0006991    0.001801    6.83e-05  FA_X1
mult_64_U18                     0.001042   0.0006821    0.001801   7.644e-05  FA_X1
mult_68_U21                     0.001035   0.0006872    0.001793   7.115e-05  FA_X1
mult_64_U21                     0.001035   0.0006847    0.001791   7.115e-05  FA_X1
mult_66_U38                     0.001023    0.000659    0.001752   7.068e-05  FA_X1
add_72_U1_7                      0.00145   0.0002267    0.001752    7.58e-05  FA_X1
mult_66_U127                   0.0001971     0.00153    0.001741   1.435e-05  INV_X1
mult_64_U8                     0.0009935   0.0006811     0.00174   6.519e-05  FA_X1
FE_DBTC3_u_del_vec_3           9.701e-05    0.001611    0.001722   1.362e-05  INV_X1
mult_66_U129                   0.0001967    0.001502    0.001713   1.435e-05  INV_X1
mult_66_U28                    0.0009986   0.0006464    0.001712   6.716e-05  FA_X1
FE_DBTC2_u_del_vec_4           9.698e-05    0.001599     0.00171   1.362e-05  INV_X1
mult_68_U8                     0.0009929   0.0006483    0.001706   6.519e-05  FA_X1
mult_66_U44                    0.0009496   0.0006947    0.001706   6.192e-05  FA_X1
regY_Q_reg_4_                   0.001453   0.0001646    0.001703   8.565e-05  DFFR_X1
FE_DBTC1_u_del_vec_5           9.698e-05    0.001589      0.0017   1.362e-05  INV_X1
mult_66_U24                    0.0009492   0.0006836    0.001695   6.192e-05  FA_X1
regY_Q_reg_6_                   0.001452   0.0001556    0.001694   8.565e-05  DFFR_X1
regY_Q_reg_1_                   0.001452   0.0001515    0.001689   8.565e-05  DFFR_X1
regY_Q_reg_7_                   0.001452   0.0001494    0.001687   8.565e-05  DFFR_X1
mult_66_U130                   0.0001967    0.001476    0.001687   1.435e-05  INV_X1
regY_Q_reg_0_                   0.001452   0.0001459    0.001684   8.565e-05  DFFR_X1
regY_Q_reg_2_                   0.001452   0.0001442    0.001682   8.565e-05  DFFR_X1
regY_Q_reg_5_                   0.001452   0.0001438    0.001682   8.565e-05  DFFR_X1
regY_Q_reg_3_                   0.001452   0.0001418     0.00168   8.565e-05  DFFR_X1
mult_66_U34                    0.0009487   0.0006634    0.001674   6.192e-05  FA_X1
mult_66_U128                   0.0001975    0.001461    0.001673   1.435e-05  INV_X1
mult_66_U17                    0.0009987   0.0005832    0.001661   7.896e-05  FA_X1
mult_66_U20                    0.0009971   0.0005938    0.001658   6.716e-05  FA_X1
mult_66_U47                    0.0009481    0.000639    0.001649   6.192e-05  FA_X1
mult_66_U33                    0.0009969   0.0005579    0.001634   7.896e-05  FA_X1
mult_66_U29                     0.000948   0.0005929    0.001603   6.192e-05  FA_X1
mult_66_U43                    0.0009848   0.0005566      0.0016   5.902e-05  FA_X1
mult_68_U141                   0.0005324    0.001007    0.001579       4e-05  XOR2_X1
mult_66_U141                   0.0005674   0.0009626    0.001569   3.896e-05  XOR2_X1
mult_64_U141                   0.0005321    0.000956    0.001528       4e-05  XOR2_X1
mult_66_U39                    0.0009447   0.0005055    0.001512   6.192e-05  FA_X1
mult_64_U30                    0.0008312   0.0005691    0.001474   7.319e-05  FA_X1
mult_68_U30                    0.0008308   0.0005552    0.001459   7.319e-05  FA_X1
mult_68_U36                     0.000826   0.0005617    0.001458   7.039e-05  FA_X1
mult_64_U36                    0.0008257   0.0005574    0.001453   7.039e-05  FA_X1
FE_DBTC0_u_del_vec_6            9.67e-05    0.001324    0.001435   1.362e-05  INV_X1
FE_DBTC5_u_del_vec_1           8.711e-05    0.001332    0.001433   1.362e-05  INV_X1
mult_66_U132                   0.0001992    0.001214    0.001427   1.435e-05  INV_X1
mult_64_U22                    0.0008259   0.0005142     0.00141   7.008e-05  FA_X1
mult_68_U26                    0.0008306    0.000504    0.001409   7.451e-05  FA_X1
mult_66_U46                    0.0008772   0.0004726    0.001408   5.812e-05  FA_X1
mult_68_U22                    0.0008252   0.0004941    0.001389   7.008e-05  FA_X1
mult_64_U26                    0.0008301   0.0004821    0.001387   7.451e-05  FA_X1
mult_64_U16                    0.0008261   0.0004629    0.001358   6.935e-05  FA_X1
mult_68_U16                    0.0008258   0.0004572    0.001352   6.935e-05  FA_X1
add_56_U2                      0.0005524     0.00069    0.001277   3.422e-05  XOR2_X1
mult_64_U27                    0.0006739   0.0004895    0.001236   7.307e-05  FA_X1
mult_68_U27                    0.0006735   0.0004833     0.00123   7.307e-05  FA_X1
mult_66_U48                    0.0006515   0.0005124    0.001217    5.34e-05  HA_X1
mult_66_U134                     0.00017    0.001031    0.001215   1.435e-05  INV_X1
mult_66_U49                     0.000793   0.0003252    0.001178   5.995e-05  FA_X1
mult_64_U31                    0.0006619   0.0004484    0.001176   6.556e-05  FA_X1
FE_DBTC4_u_del_vec_2           9.709e-05    0.001062    0.001173   1.362e-05  INV_X1
mult_68_U31                    0.0006615   0.0004446    0.001172   6.556e-05  FA_X1
mult_66_U133                   0.0002042   0.0009427    0.001161   1.435e-05  INV_X1
mult_66_U161                   0.0006494   0.0004647    0.001153   3.857e-05  AOI222_X1
mult_64_U32                    0.0006676   0.0003978    0.001142   7.673e-05  FA_X1
mult_68_U32                    0.0006677   0.0003931    0.001137   7.673e-05  FA_X1
mult_68_U37                    0.0006645   0.0003845    0.001118   6.906e-05  FA_X1
mult_64_U37                    0.0006645   0.0003822    0.001116   6.906e-05  FA_X1
mult_64_U42                     0.000712   0.0003395    0.001115   6.382e-05  FA_X1
mult_68_U42                    0.0007116   0.0003363    0.001112   6.382e-05  FA_X1
mult_66_U51                    0.0006564   0.0003982    0.001108    5.34e-05  HA_X1
mult_68_U19                    0.0006685    0.000348    0.001089   7.258e-05  FA_X1
mult_64_U19                    0.0006684    0.000345    0.001086   7.258e-05  FA_X1
FE_DBTC6_u_del_vec_0           8.297e-05   0.0009738     0.00107   1.362e-05  INV_X1
mult_66_U45                    0.0006487   0.0003555    0.001058    5.34e-05  HA_X1
mult_66_U160                   0.0005218   0.0004293    0.001019   6.822e-05  OAI222_X1
regX0_Q_reg_6_                 0.0007417   0.0001914    0.001019   8.565e-05  DFFR_X1
mult_64_U145                    0.000654   0.0003228     0.00101   3.305e-05  XOR2_X1
mult_66_U50                     0.000647   0.0003002    0.001001    5.34e-05  HA_X1
mult_68_U38                    0.0005389   0.0003914       0.001   7.012e-05  FA_X1
mult_64_U146                   0.0006624   0.0003012       0.001   3.673e-05  XNOR2_X1
mult_68_U146                   0.0006623   0.0002932   0.0009922   3.673e-05  XNOR2_X1
mult_68_U145                   0.0006534   0.0002931   0.0009795   3.305e-05  XOR2_X1
mult_66_U145                   0.0006409   0.0003025   0.0009771   3.363e-05  XOR2_X1
mult_64_U23                     0.000538   0.0003447   0.0009701   8.746e-05  FA_X1
mult_64_U38                     0.000538    0.000358   0.0009661   7.012e-05  FA_X1
mult_68_U28                    0.0005287    0.000369   0.0009635   6.584e-05  FA_X1
mult_66_U162                   0.0005024   0.0003969   0.0009626   6.326e-05  OAI222_X1
mult_66_U146                   0.0006365   0.0002877   0.0009608   3.663e-05  XNOR2_X1
mult_64_U28                    0.0005286   0.0003643   0.0009588   6.584e-05  FA_X1
mult_68_U23                    0.0005375   0.0003258   0.0009507   8.746e-05  FA_X1
regX0_Q_reg_4_                 0.0007394   0.0001191   0.0009441   8.565e-05  DFFR_X1
regX0_Q_reg_3_                 0.0007394   0.0001182   0.0009432   8.565e-05  DFFR_X1
regX0_Q_reg_5_                 0.0007393   0.0001162   0.0009412   8.565e-05  DFFR_X1
regX0_Q_reg_1_                 0.0007393   0.0001148   0.0009397   8.565e-05  DFFR_X1
regX0_Q_reg_2_                 0.0007393   0.0001148   0.0009397   8.565e-05  DFFR_X1
regX0_Q_reg_0_                 0.0007391   0.0001103   0.0009351   8.565e-05  DFFR_X1
mult_68_U17                    0.0005282   0.0003258   0.0009336   7.961e-05  FA_X1
mult_64_U17                    0.0005285   0.0003212   0.0009293   7.961e-05  FA_X1
mult_68_U20                     0.000527   0.0003136   0.0009064   6.584e-05  FA_X1
mult_64_U20                     0.000527   0.0003094   0.0009023   6.584e-05  FA_X1
mult_64_U33                    0.0005273   0.0002904   0.0008973   7.961e-05  FA_X1
mult_68_U33                    0.0005272   0.0002887   0.0008955   7.961e-05  FA_X1
mult_68_U34                    0.0004705   0.0003337   0.0008637   5.953e-05  FA_X1
mult_68_U24                    0.0004705   0.0003337   0.0008637   5.953e-05  FA_X1
mult_64_U34                    0.0004704   0.0003297   0.0008596   5.953e-05  FA_X1
mult_64_U24                    0.0004703   0.0003271    0.000857   5.953e-05  FA_X1
FE_OFC0_q1                     8.158e-05   0.0007504   0.0008549   2.292e-05  CLKBUF_X2
mult_64_U44                    0.0004703   0.0003235   0.0008534   5.953e-05  FA_X1
mult_68_U44                    0.0004703   0.0003211   0.0008509   5.953e-05  FA_X1
add_72_U1                       0.000607   0.0002073   0.0008504   3.614e-05  XOR2_X1
mult_66_U166                   0.0004937    0.000323    0.000848   3.126e-05  XNOR2_X1
mult_64_U47                    0.0004697    0.000298   0.0008272   5.953e-05  FA_X1
mult_68_U47                    0.0004692    0.000281   0.0008098   5.953e-05  FA_X1
mult_68_U29                    0.0004697   0.0002794   0.0008086   5.953e-05  FA_X1
mult_68_U43                    0.0004521   0.0002875   0.0007968   5.722e-05  FA_X1
mult_64_U29                    0.0004693   0.0002667   0.0007956   5.953e-05  FA_X1
mult_64_U43                     0.000452   0.0002856   0.0007949   5.722e-05  FA_X1
add_72_U2                      0.0004447   0.0003157   0.0007854   2.506e-05  AND2_X1
mult_64_U39                    0.0004618    0.000235   0.0007563   5.953e-05  FA_X1
mult_68_U39                    0.0004616   0.0002285   0.0007497   5.953e-05  FA_X1
mult_66_U142                   0.0004253   0.0002339   0.0006896   3.053e-05  XOR2_X1
mult_68_U46                    0.0003919   0.0002283   0.0006766   5.631e-05  FA_X1
ff1_Q_reg                       0.000569   1.754e-05   0.0006728   8.621e-05  DFFR_X1
mult_64_U46                    0.0003918   0.0002247   0.0006727   5.631e-05  FA_X1
ff2_Q_reg                      0.0005691   1.348e-05   0.0006688   8.621e-05  DFFR_X1
mult_66_U123                   0.0001929   0.0004365   0.0006437   1.431e-05  INV_X1
mult_66_U163                   0.0003534   0.0002542   0.0006302   2.265e-05  AOI222_X1
mult_64_U161                   0.0003418   0.0002466   0.0006235   3.514e-05  AOI222_X1
mult_68_U161                   0.0003416   0.0002325   0.0006092   3.514e-05  AOI222_X1
mult_64_U49                    0.0003853   0.0001584   0.0006015   5.776e-05  FA_X1
mult_64_U51                    0.0003413   0.0002066   0.0006001   5.217e-05  HA_X1
mult_68_U49                    0.0003854   0.0001555   0.0005987   5.776e-05  FA_X1
mult_68_U51                    0.0003412   0.0002003   0.0005937   5.217e-05  HA_X1
mult_68_U48                    0.0003138   0.0002262   0.0005921   5.217e-05  HA_X1
mult_64_U48                    0.0003136   0.0002164   0.0005822   5.217e-05  HA_X1
mult_66_U167                   0.0001888   0.0003465   0.0005619   2.656e-05  NAND2_X1
mult_66_U170                   0.0001457   0.0003789    0.000542   1.739e-05  NAND2_X1
mult_68_U45                    0.0003125   0.0001684   0.0005331   5.217e-05  HA_X1
mult_64_U45                    0.0003124   0.0001657   0.0005303   5.217e-05  HA_X1
mult_68_U160                   0.0002387   0.0002051   0.0005151   7.134e-05  OAI222_X1
mult_64_U166                   0.0002698   0.0002064   0.0005062   3.002e-05  XNOR2_X1
mult_66_U169                   0.0001706   0.0003172   0.0005052    1.74e-05  NAND2_X1
mult_66_U152                   0.0001781   0.0003022   0.0005016    2.12e-05  NOR2_X1
mult_64_U162                   0.0002363   0.0001939   0.0004978   6.755e-05  OAI222_X1
mult_64_U160                   0.0002392   0.0001859   0.0004965   7.134e-05  OAI222_X1
mult_68_U162                   0.0002365   0.0001911   0.0004951   6.755e-05  OAI222_X1
mult_68_U50                    0.0003117   0.0001304   0.0004943   5.217e-05  HA_X1
mult_66_U143                   0.0002921    0.000176   0.0004931   2.507e-05  AND2_X1
mult_64_U50                    0.0003114    0.000122   0.0004856   5.217e-05  HA_X1
mult_68_U166                   0.0002693   0.0001839   0.0004832   3.002e-05  XNOR2_X1
mult_66_U200                   0.0001781   0.0002789   0.0004782    2.12e-05  NOR2_X1
mult_66_U153                   0.0001759   0.0002755   0.0004727    2.12e-05  NOR2_X1
mult_66_U151                   0.0001777   0.0002733   0.0004722    2.12e-05  NOR2_X1
mult_66_U149                    0.000178   0.0002714   0.0004706    2.12e-05  NOR2_X1
mult_66_U147                   0.0001755   0.0002754   0.0004683    1.74e-05  NAND2_X1
mult_66_U175                   0.0001755   0.0002754   0.0004683    1.74e-05  NAND2_X1
mult_66_U201                   0.0001777   0.0002644   0.0004633    2.12e-05  NOR2_X1
mult_66_U125                   0.0001325   0.0003065   0.0004524   1.342e-05  INV_X1
mult_66_U202                   0.0001783   0.0002498   0.0004492    2.12e-05  NOR2_X1
mult_66_U199                    0.000178    0.000249   0.0004482    2.12e-05  NOR2_X1
mult_66_U168                   0.0001466   0.0002829   0.0004469   1.739e-05  NAND2_X1
mult_66_U124                   0.0001325   0.0002954   0.0004412   1.329e-05  INV_X1
mult_66_U177                   0.0001333   0.0002835    0.000438    2.12e-05  NOR2_X1
mult_66_U188                   0.0001337   0.0002815   0.0004364    2.12e-05  NOR2_X1
mult_66_U189                   0.0001759   0.0002426   0.0004359    1.74e-05  NAND2_X1
mult_66_U157                     0.00014   0.0002749   0.0004323   1.739e-05  NAND2_X1
mult_66_U172                   0.0001339   0.0002743   0.0004295    2.12e-05  NOR2_X1
mult_66_U184                   0.0001333   0.0002719   0.0004265    2.12e-05  NOR2_X1
mult_66_U182                   0.0001761   0.0002315    0.000425    1.74e-05  NAND2_X1
mult_66_U192                   0.0001334    0.000266   0.0004205    2.12e-05  NOR2_X1
mult_66_U195                   0.0001344   0.0002638   0.0004194    2.12e-05  NOR2_X1
mult_66_U186                   0.0001342   0.0002602   0.0004156    2.12e-05  NOR2_X1
mult_66_U179                   0.0001342   0.0002599   0.0004153    2.12e-05  NOR2_X1
mult_66_U156                    0.000147   0.0002503   0.0004146   1.739e-05  NAND2_X1
mult_66_U180                   0.0001344   0.0002583   0.0004138    2.12e-05  NOR2_X1
mult_66_U203                   0.0001336   0.0002578   0.0004126    2.12e-05  NOR2_X1
mult_66_U150                   0.0001783   0.0002108   0.0004104    2.12e-05  NOR2_X1
mult_66_U194                   0.0001343   0.0002527   0.0004082    2.12e-05  NOR2_X1
mult_66_U158                   0.0001412   0.0002489   0.0004074   1.739e-05  NAND2_X1
mult_66_U171                   0.0001329   0.0002531   0.0004072    2.12e-05  NOR2_X1
mult_66_U174                   0.0001341   0.0002516   0.0004069    2.12e-05  NOR2_X1
mult_66_U173                   0.0001339   0.0002485   0.0004035    2.12e-05  NOR2_X1
mult_66_U187                   0.0001345   0.0002465   0.0004022    2.12e-05  NOR2_X1
mult_66_U191                   0.0001344   0.0002448   0.0004004    2.12e-05  NOR2_X1
mult_68_U142                   0.0002264   0.0001438   0.0003996   2.941e-05  XOR2_X1
mult_66_U197                   0.0001765   0.0002041    0.000398    1.74e-05  NAND2_X1
mult_66_U183                   0.0001343   0.0002415    0.000397    2.12e-05  NOR2_X1
regY_U4                        0.0002503   0.0001147   0.0003962    3.12e-05  OAI21_X1
regY_U6                        0.0002502   0.0001129   0.0003943    3.12e-05  OAI21_X1
mult_66_U176                   0.0001343    0.000238   0.0003935    2.12e-05  NOR2_X1
regY_U16                        0.000251   0.0001072   0.0003894    3.12e-05  OAI21_X1
mult_66_U159                   0.0001407   0.0002313   0.0003894   1.739e-05  NAND2_X1
mult_66_U148                   0.0001526   0.0002151   0.0003889    2.12e-05  NOR2_X1
regY_U10                       0.0002502   0.0001065   0.0003879    3.12e-05  OAI21_X1
regU_U8                        0.0002405   0.0001118   0.0003836    3.12e-05  OAI21_X1
regY_U14                         0.00025   0.0001018    0.000383    3.12e-05  OAI21_X1
mult_64_U142                   0.0002261   0.0001269   0.0003824   2.941e-05  XOR2_X1
regY_U12                         0.00025   0.0001012   0.0003824    3.12e-05  OAI21_X1
regY_U2                        0.0002499   0.0001007   0.0003817    3.12e-05  OAI21_X1
regY_U8                        0.0002499    9.99e-05    0.000381    3.12e-05  OAI21_X1
mult_66_U131                   0.0001064   0.0002565   0.0003794   1.648e-05  INV_X1
mult_66_U154                   0.0001294   0.0002305   0.0003773   1.739e-05  NAND2_X1
mult_66_U198                   0.0001525   0.0002007   0.0003744    2.12e-05  NOR2_X1
mult_66_U164                   0.0001526   0.0001986   0.0003724    2.12e-05  NOR2_X1
regU_U6                        0.0002402   9.633e-05   0.0003677    3.12e-05  OAI21_X1
mult_66_U178                   0.0001346    0.000205   0.0003608    2.12e-05  NOR2_X1
mult_66_U181                   0.0001338   0.0002052   0.0003601    2.12e-05  NOR2_X1
regU_U4                        0.0002263   0.0001017   0.0003592    3.12e-05  OAI21_X1
mult_66_U155                   0.0001396   0.0002007   0.0003577   1.739e-05  NAND2_X1
mult_66_U193                   0.0001348   0.0002007   0.0003567    2.12e-05  NOR2_X1
mult_66_U185                   0.0001347   0.0001984   0.0003543    2.12e-05  NOR2_X1
regU_U2                        0.0002241   9.849e-05   0.0003538    3.12e-05  OAI21_X1
regU_U16                       0.0002208   0.0001011   0.0003531    3.12e-05  OAI21_X1
mult_66_U196                   0.0001339   0.0001957   0.0003508    2.12e-05  NOR2_X1
mult_66_U144                   0.0001515   0.0001803   0.0003492   1.739e-05  NAND2_X1
add_56_U1                      0.0001892   0.0001354   0.0003489   2.428e-05  AND2_X1
mult_64_U167                   0.0001005   0.0002184   0.0003472   2.829e-05  NAND2_X1
mult_66_U190                   0.0001186   0.0002022    0.000342    2.12e-05  NOR2_X1
mult_64_U125                   0.0001003    0.000227   0.0003416   1.423e-05  INV_X1
mult_68_U125                   0.0001003   0.0002256   0.0003401   1.423e-05  INV_X1
mult_64_U170                   7.623e-05   0.0002397   0.0003327   1.683e-05  NAND2_X1
regU_U14                       0.0002081   9.248e-05   0.0003318    3.12e-05  OAI21_X1
mult_68_U170                   7.625e-05   0.0002307   0.0003238   1.683e-05  NAND2_X1
mult_68_U167                   0.0001001   0.0001933   0.0003217   2.829e-05  NAND2_X1
regY_U17                       0.0001716   0.0001287   0.0003176   1.739e-05  NAND2_X1
regU_U15                       0.0001531   0.0001413   0.0003118   1.739e-05  NAND2_X1
regU_U9                        0.0001576   0.0001289   0.0003039   1.739e-05  NAND2_X1
regU_U7                        0.0001481   0.0001327   0.0002981   1.739e-05  NAND2_X1
mult_66_U165                   0.0001386   0.0001206   0.0002918   3.261e-05  NOR4_X1
regY_U11                       0.0001407   0.0001337   0.0002918   1.739e-05  NAND2_X1
regU_U5                        0.0001456   0.0001259   0.0002889   1.739e-05  NAND2_X1
regY_U15                       0.0001406   0.0001297   0.0002877   1.739e-05  NAND2_X1
regY_U13                       0.0001406   0.0001295   0.0002875   1.739e-05  NAND2_X1
regU_U17                       0.0001447   0.0001243   0.0002864   1.739e-05  NAND2_X1
regU_U11                       0.0001588   0.0001092   0.0002854   1.738e-05  NAND2_X1
regU_U13                       0.0001446   0.0001221   0.0002841   1.739e-05  NAND2_X1
regU_U12                       0.0001773   7.484e-05   0.0002833    3.12e-05  OAI21_X1
mult_68_U163                   0.0001501   0.0001128   0.0002832   2.036e-05  AOI222_X1
regY_U5                        0.0001406   0.0001247   0.0002827   1.739e-05  NAND2_X1
regY_U9                        0.0001406   0.0001235   0.0002815   1.739e-05  NAND2_X1
regU_U3                        0.0001464   0.0001172   0.0002811   1.739e-05  NAND2_X1
regY_U7                        0.0001406    0.000123    0.000281   1.739e-05  NAND2_X1
mult_68_U169                   8.803e-05   0.0001776   0.0002807   1.506e-05  NAND2_X1
mult_68_U143                   0.0001542   0.0001019   0.0002803   2.428e-05  AND2_X1
mult_68_U151                   0.0001001   0.0001587   0.0002803    2.15e-05  NOR2_X1
regY_U3                        0.0001406   0.0001219   0.0002799   1.739e-05  NAND2_X1
regU_U10                       0.0001695   7.669e-05   0.0002774   3.121e-05  OAI21_X1
mult_64_U143                   0.0001539   9.849e-05   0.0002766   2.428e-05  AND2_X1
mult_64_U163                     0.00015   0.0001042   0.0002745   2.036e-05  AOI222_X1
mult_64_U201                   0.0001002   0.0001512   0.0002729    2.15e-05  NOR2_X1
mult_64_U152                   0.0001012   0.0001497   0.0002724    2.15e-05  NOR2_X1
mult_64_U157                   7.378e-05   0.0001791   0.0002697   1.683e-05  NAND2_X1
mult_68_U202                   0.0001013   0.0001469   0.0002697    2.15e-05  NOR2_X1
mult_64_U169                   8.797e-05   0.0001653   0.0002684   1.506e-05  NAND2_X1
mult_68_U147                   9.527e-05   0.0001567    0.000267   1.506e-05  NAND2_X1
mult_64_U151                   0.0001003   0.0001451    0.000267    2.15e-05  NOR2_X1
mult_68_U201                   0.0001003    0.000144   0.0002659    2.15e-05  NOR2_X1
mult_68_U200                   0.0001005   0.0001432   0.0002652    2.15e-05  NOR2_X1
mult_68_U152                   0.0001014   0.0001414   0.0002643    2.15e-05  NOR2_X1
mult_64_U147                   9.536e-05   0.0001523   0.0002627   1.506e-05  NAND2_X1
mult_68_U168                   7.634e-05   0.0001689   0.0002621   1.683e-05  NAND2_X1
mult_64_U200                   0.0001006   0.0001397   0.0002617    2.15e-05  NOR2_X1
mult_64_U175                   9.542e-05   0.0001495   0.0002599   1.506e-05  NAND2_X1
mult_68_U157                   7.365e-05   0.0001687   0.0002592   1.683e-05  NAND2_X1
mult_68_U153                   9.738e-05   0.0001374   0.0002563    2.15e-05  NOR2_X1
mult_64_U149                    9.08e-05   0.0001438   0.0002561    2.15e-05  NOR2_X1
mult_64_U153                   9.739e-05   0.0001369   0.0002558    2.15e-05  NOR2_X1
mult_64_U202                   0.0001016   0.0001298   0.0002528    2.15e-05  NOR2_X1
mult_68_U149                   9.087e-05   0.0001391   0.0002515    2.15e-05  NOR2_X1
mult_68_U175                   9.561e-05   0.0001404   0.0002511   1.506e-05  NAND2_X1
mult_64_U158                   7.371e-05     0.00016   0.0002506   1.683e-05  NAND2_X1
mult_64_U172                   8.014e-05   0.0001485   0.0002503    2.17e-05  NOR2_X1
mult_64_U189                   9.565e-05   0.0001388   0.0002495   1.506e-05  NAND2_X1
mult_68_U203                   7.625e-05   0.0001492   0.0002472    2.17e-05  NOR2_X1
mult_68_U192                   7.383e-05   0.0001516   0.0002472    2.17e-05  NOR2_X1
mult_64_U188                   7.646e-05   0.0001478   0.0002459    2.17e-05  NOR2_X1
mult_68_U189                   9.572e-05    0.000135   0.0002458   1.506e-05  NAND2_X1
mult_68_U188                   7.646e-05   0.0001476   0.0002457    2.17e-05  NOR2_X1
mult_68_U195                   8.076e-05   0.0001432   0.0002457    2.17e-05  NOR2_X1
mult_64_U173                   8.006e-05   0.0001427   0.0002445    2.17e-05  NOR2_X1
mult_64_U168                   7.637e-05   0.0001506   0.0002438   1.683e-05  NAND2_X1
mult_68_U173                   8.007e-05   0.0001418   0.0002436    2.17e-05  NOR2_X1
mult_68_U174                   8.053e-05   0.0001413   0.0002435    2.17e-05  NOR2_X1
mult_64_U192                   7.387e-05   0.0001466   0.0002421    2.17e-05  NOR2_X1
mult_64_U187                   8.092e-05   0.0001381   0.0002407    2.17e-05  NOR2_X1
mult_68_U126                   7.029e-05   0.0001574   0.0002407   1.302e-05  INV_X1
mult_68_U187                   8.093e-05   0.0001376   0.0002402    2.17e-05  NOR2_X1
mult_64_U174                   8.063e-05   0.0001377   0.0002401    2.17e-05  NOR2_X1
mult_64_U126                   7.027e-05   0.0001566   0.0002399   1.302e-05  INV_X1
mult_68_U184                   7.395e-05   0.0001442   0.0002398    2.17e-05  NOR2_X1
mult_68_U150                    0.000101   0.0001173   0.0002398    2.15e-05  NOR2_X1
mult_68_U172                   8.043e-05   0.0001365   0.0002387    2.17e-05  NOR2_X1
mult_64_U156                   7.637e-05   0.0001454   0.0002387   1.683e-05  NAND2_X1
mult_68_U158                   7.358e-05   0.0001482   0.0002387   1.683e-05  NAND2_X1
mult_68_U194                   8.051e-05   0.0001357   0.0002379    2.17e-05  NOR2_X1
mult_68_U199                   9.109e-05    0.000125   0.0002376    2.15e-05  NOR2_X1
mult_64_U184                     7.4e-05   0.0001411   0.0002368    2.17e-05  NOR2_X1
mult_64_U195                   8.098e-05   0.0001336   0.0002363    2.17e-05  NOR2_X1
mult_64_U186                   8.059e-05   0.0001337    0.000236    2.17e-05  NOR2_X1
mult_68_U186                   8.059e-05   0.0001336   0.0002359    2.17e-05  NOR2_X1
mult_64_U194                   8.054e-05   0.0001336   0.0002358    2.17e-05  NOR2_X1
mult_64_U177                     7.4e-05   0.0001399   0.0002356    2.17e-05  NOR2_X1
mult_68_U180                   8.103e-05   0.0001328   0.0002355    2.17e-05  NOR2_X1
mult_68_U179                   8.058e-05   0.0001331   0.0002354    2.17e-05  NOR2_X1
mult_68_U177                   7.399e-05   0.0001396   0.0002353    2.17e-05  NOR2_X1
mult_64_U179                    8.06e-05    0.000133   0.0002353    2.17e-05  NOR2_X1
mult_64_U180                   8.106e-05   0.0001325   0.0002352    2.17e-05  NOR2_X1
mult_68_U156                   7.638e-05   0.0001416   0.0002348   1.683e-05  NAND2_X1
mult_66_U126                    6.88e-05   0.0001552   0.0002346   1.059e-05  INV_X1
mult_64_U171                   7.374e-05   0.0001384   0.0002338    2.17e-05  NOR2_X1
mult_64_U203                   7.655e-05   0.0001342   0.0002325    2.17e-05  NOR2_X1
mult_64_U199                   9.119e-05   0.0001195   0.0002322    2.15e-05  NOR2_X1
mult_64_U150                   0.0001012   0.0001094   0.0002321    2.15e-05  NOR2_X1
mult_68_U171                   7.378e-05   0.0001331   0.0002286    2.17e-05  NOR2_X1
mult_64_U154                   6.549e-05   0.0001448   0.0002271   1.683e-05  NAND2_X1
mult_64_U198                   8.403e-05   0.0001158   0.0002213    2.15e-05  NOR2_X1
mult_64_U123                   6.397e-05   0.0001442   0.0002211   1.289e-05  INV_X1
mult_64_U182                   9.639e-05   0.0001095   0.0002209   1.506e-05  NAND2_X1
mult_68_U182                    9.64e-05    0.000109   0.0002205   1.506e-05  NAND2_X1
mult_68_U198                   8.403e-05   0.0001148   0.0002203    2.15e-05  NOR2_X1
mult_64_U197                    9.64e-05   0.0001088   0.0002203   1.506e-05  NAND2_X1
mult_66_U137                   1.945e-05   0.0001852    0.000219   1.435e-05  INV_X1
mult_68_U123                   6.411e-05   0.0001417   0.0002187   1.289e-05  INV_X1
mult_68_U197                   9.647e-05   0.0001061   0.0002176   1.506e-05  NAND2_X1
mult_68_U164                   8.417e-05   0.0001103    0.000216    2.15e-05  NOR2_X1
mult_64_U185                   8.149e-05   0.0001125   0.0002157    2.17e-05  NOR2_X1
mult_64_U191                   7.285e-05    0.000121   0.0002155    2.17e-05  NOR2_X1
mult_68_U183                   7.291e-05   0.0001208   0.0002154    2.17e-05  NOR2_X1
mult_64_U193                   8.145e-05   0.0001121   0.0002153    2.17e-05  NOR2_X1
mult_64_U148                   8.412e-05   0.0001088   0.0002144    2.15e-05  NOR2_X1
mult_64_U129                   1.947e-05   0.0001803   0.0002141   1.435e-05  INV_X1
mult_68_U191                   7.292e-05   0.0001194    0.000214    2.17e-05  NOR2_X1
mult_68_U154                   6.536e-05   0.0001316   0.0002138   1.683e-05  NAND2_X1
mult_68_U181                   7.711e-05   0.0001146   0.0002134    2.17e-05  NOR2_X1
mult_68_U129                   1.948e-05   0.0001794   0.0002133   1.435e-05  INV_X1
mult_64_U128                   1.948e-05   0.0001794   0.0002132   1.435e-05  INV_X1
mult_68_U193                   8.158e-05   0.0001097    0.000213    2.17e-05  NOR2_X1
mult_68_U178                   8.157e-05   0.0001096   0.0002129    2.17e-05  NOR2_X1
mult_64_U196                   7.713e-05   0.0001141   0.0002129    2.17e-05  NOR2_X1
mult_64_U164                   8.423e-05   0.0001067   0.0002125    2.15e-05  NOR2_X1
mult_64_U183                   7.298e-05   0.0001176   0.0002123    2.17e-05  NOR2_X1
mult_68_U148                   8.415e-05   0.0001058   0.0002115    2.15e-05  NOR2_X1
mult_66_U136                   1.949e-05   0.0001769   0.0002107   1.435e-05  INV_X1
mult_64_U178                   8.171e-05   0.0001068   0.0002102    2.17e-05  NOR2_X1
mult_68_U185                   8.172e-05   0.0001067   0.0002102    2.17e-05  NOR2_X1
mult_68_U128                    1.95e-05   0.0001761   0.0002099   1.435e-05  INV_X1
mult_68_U130                    1.95e-05   0.0001756   0.0002094   1.435e-05  INV_X1
mult_64_U176                   7.308e-05   0.0001132    0.000208    2.17e-05  NOR2_X1
mult_68_U196                   7.735e-05   0.0001083   0.0002074    2.17e-05  NOR2_X1
mult_68_U127                    5.68e-05   0.0001329   0.0002066   1.684e-05  INV_X1
mult_64_U127                   5.698e-05   0.0001314   0.0002052   1.684e-05  INV_X1
mult_66_U135                   1.952e-05   0.0001712   0.0002051   1.435e-05  INV_X1
mult_68_U159                   7.302e-05   0.0001149   0.0002047   1.683e-05  NAND2_X1
mult_64_U130                   1.953e-05   0.0001702    0.000204   1.435e-05  INV_X1
mult_68_U176                   7.316e-05   0.0001089   0.0002038    2.17e-05  NOR2_X1
mult_64_U181                   7.753e-05   0.0001036   0.0002028    2.17e-05  NOR2_X1
mult_68_U190                   6.593e-05   0.0001125   0.0002002    2.17e-05  NOR2_X1
mult_64_U159                   7.298e-05   0.0001101   0.0001999   1.683e-05  NAND2_X1
mult_64_U190                   6.592e-05   0.0001111   0.0001987    2.17e-05  NOR2_X1
mult_68_U144                   8.786e-05   8.555e-05   0.0001902   1.683e-05  NAND2_X1
mult_64_U144                   8.787e-05   8.515e-05   0.0001899   1.683e-05  NAND2_X1
mult_66_U139                   1.962e-05   0.0001531   0.0001871   1.435e-05  INV_X1
mult_64_U135                   1.962e-05   0.0001519   0.0001859   1.435e-05  INV_X1
mult_64_U136                   1.964e-05    0.000149    0.000183   1.435e-05  INV_X1
mult_68_U132                   1.964e-05   0.0001489   0.0001829   1.435e-05  INV_X1
mult_64_U155                   6.722e-05    9.85e-05   0.0001826   1.683e-05  NAND2_X1
mult_66_U138                   1.965e-05   0.0001463   0.0001803   1.435e-05  INV_X1
mult_68_U133                   1.966e-05   0.0001447   0.0001787   1.435e-05  INV_X1
mult_68_U155                   6.719e-05   9.456e-05   0.0001786   1.683e-05  NAND2_X1
mult_64_U140                   1.977e-05    0.000124   0.0001581   1.435e-05  INV_X1
mult_68_U136                   1.979e-05     0.00012   0.0001541   1.435e-05  INV_X1
mult_66_U140                    1.98e-05   0.0001182   0.0001523   1.435e-05  INV_X1
mult_64_U165                   5.881e-05   4.884e-05   0.0001419   3.421e-05  NOR4_X1
mult_68_U165                    5.88e-05    4.71e-05   0.0001401   3.421e-05  NOR4_X1
regX0_U12                      5.924e-05    3.12e-05   0.0001217    3.12e-05  OAI21_X1
regX0_U4                        5.92e-05   2.983e-05   0.0001202    3.12e-05  OAI21_X1
regX0_U6                       5.913e-05   2.814e-05   0.0001185    3.12e-05  OAI21_X1
regX0_U2                       5.913e-05   2.775e-05   0.0001181    3.12e-05  OAI21_X1
regX0_U14                      5.908e-05   2.639e-05   0.0001167    3.12e-05  OAI21_X1
regX0_U10                      5.904e-05   2.517e-05   0.0001154    3.12e-05  OAI21_X1
regX0_U8                       5.901e-05   2.486e-05   0.0001151    3.12e-05  OAI21_X1
mult_68_U124                   2.473e-05   5.623e-05   9.135e-05   1.039e-05  INV_X1
mult_64_U124                   2.476e-05   5.474e-05   8.988e-05   1.039e-05  INV_X1
regX0_U9                       2.838e-05   2.423e-05       7e-05   1.739e-05  NAND2_X1
regX0_U7                       2.838e-05   2.418e-05   6.995e-05   1.739e-05  NAND2_X1
regX0_U15                      2.837e-05   2.291e-05   6.867e-05   1.739e-05  NAND2_X1
regX0_U13                      2.835e-05    2.25e-05   6.825e-05   1.739e-05  NAND2_X1
regX0_U11                      2.835e-05   2.242e-05   6.817e-05   1.739e-05  NAND2_X1
regX0_U3                       2.835e-05   2.241e-05   6.815e-05   1.739e-05  NAND2_X1
regX0_U5                       2.834e-05   2.214e-05   6.787e-05   1.739e-05  NAND2_X1

---------------------------------------------------------------------------------------

Total (    443 of    443  )       0.1912      0.1517     0.3603     0.01736
Total Capacitance                2.502e-12 F
Power Density                   *** No Die Area ***
