*----------------------------------------------------------------------------------------
*	Innovus 17.11-s080_1 (64bit) 08/04/2017 11:13 (Linux 2.6.18-194.el5)
*	
*
* 	Date & Time:	2021-Nov-09 11:20:13 (2021-Nov-09 10:20:13 GMT)
*
*----------------------------------------------------------------------------------------
*
*	Design: IIR_filter
*
*	Liberty Libraries used: 
*	        MyAnView: /home/isa06_2021_2022/lab1/innovus/IIR_filter.enc.dat/libs/mmmc/NangateOpenCellLibrary_typical_ecsm_nowlm.lib
*
*	Power Domain used: 
*		Rail:        VDD 	Voltage:        1.1 
*
*       Power View : MyAnView
*
*       User-Defined Activity : N.A.
*
*	Switching Activity File used: 
*	        ../vcd/design.vcd
*			Vcd Window used(Start Time, Stop Time):(1.17931e+43, 1.17931e+43) 
*                     Vcd Scale Factor: 1 
**                    Design annotation coverage: 0/646 = 0% 
*
*       Hierarchical Global Activity: N.A.
*
*       Global Activity: N.A.
*
*       Sequential Element Activity: N.A.
*
*       Primary Input Activity: 0.200000
*
*       Default icg ratio: N.A.
*
*       Global Comb ClockGate Ratio: N.A.
*
*	Power Units = 1mW
*
*	Time Units = 1e-09 secs 
*
*       Temperature = 25 
*
*       report_power -outfile .//IIR_filter.rpt -rail_analysis_format VS
*
-----------------------------------------------------------------------------------------
Cell                            Internal   Switching       Total     Leakage   Cell
                                   Power       Power       Power       Power   Name
--------------------------------------------------------------------------------------
add_56_U1_7                     0.001486    0.001829    0.003387   7.297e-05  FA_X1
add_56_U1_2                     0.001383    0.001831    0.003286   7.206e-05  FA_X1
regU_Q_reg_7_                    0.00147    0.001624    0.003179   8.565e-05  DFFR_X1
add_56_U1_6                     0.001475    0.001364    0.002912   7.293e-05  FA_X1
add_56_U1_5                     0.001475    0.001341    0.002889   7.283e-05  FA_X1
add_56_U1_4                     0.001475    0.001329    0.002876   7.272e-05  FA_X1
add_56_U1_3                      0.00146    0.001214    0.002746    7.25e-05  FA_X1
mult_66_U8                      0.001475      0.0012    0.002742    6.74e-05  FA_X1
mult_66_U7                      0.001467    0.001061    0.002598   7.029e-05  FA_X1
mult_66_U18                     0.001466    0.001008     0.00255   7.624e-05  FA_X1
mult_66_U36                     0.001453    0.001026    0.002549   6.995e-05  FA_X1
mult_66_U30                      0.00146    0.001006    0.002539     7.3e-05  FA_X1
mult_66_U25                     0.001456    0.001005    0.002532   7.018e-05  FA_X1
mult_66_U21                     0.001459   0.0009981    0.002529   7.281e-05  FA_X1
mult_66_U6                      0.001464   0.0009538     0.00249    7.25e-05  FA_X1
mult_68_U6                      0.001462   0.0009546    0.002489   7.234e-05  FA_X1
mult_64_U5                      0.001458    0.000952    0.002481   7.064e-05  FA_X1
mult_68_U5                      0.001458   0.0009517    0.002481   7.064e-05  FA_X1
regU_Q_reg_2_                   0.001453    0.000931     0.00247   8.565e-05  DFFR_X1
mult_64_U6                      0.001461   0.0009336    0.002467   7.234e-05  FA_X1
mult_66_U22                     0.001454   0.0009236    0.002449   7.144e-05  FA_X1
mult_66_U5                      0.001461   0.0009134    0.002446   7.171e-05  FA_X1
mult_66_U4                      0.001462   0.0009064    0.002441   7.317e-05  FA_X1
mult_68_U4                      0.001459    0.000898    0.002429   7.214e-05  FA_X1
mult_66_U26                     0.001458    0.000892    0.002425   7.503e-05  FA_X1
mult_64_U4                      0.001457   0.0008556    0.002385   7.214e-05  FA_X1
add_56_U1_1                     0.001196    0.001098    0.002365   7.117e-05  FA_X1
mult_66_U3                      0.001461   0.0008191    0.002355   7.513e-05  FA_X1
mult_64_U3                      0.001457   0.0008027    0.002334   7.485e-05  FA_X1
mult_68_U3                      0.001457   0.0007989    0.002331   7.485e-05  FA_X1
mult_66_U16                     0.001453   0.0007904    0.002314    7.08e-05  FA_X1
mult_66_U42                     0.001442   0.0007073    0.002216   6.613e-05  FA_X1
regU_Q_reg_6_                   0.001464   0.0006487    0.002198   8.565e-05  DFFR_X1
mult_66_U37                     0.001258   0.0008706    0.002198   6.948e-05  FA_X1
mult_66_U32                     0.001263   0.0008521    0.002193   7.759e-05  FA_X1
add_72_U1_2                     0.001453   0.0006187    0.002147   7.467e-05  FA_X1
add_72_U1_6                     0.001457   0.0006054    0.002138   7.576e-05  FA_X1
add_72_U1_5                     0.001451   0.0005981    0.002125   7.563e-05  FA_X1
add_72_U1_3                     0.001451    0.000597    0.002123   7.521e-05  FA_X1
add_72_U1_4                     0.001451   0.0005947    0.002121   7.549e-05  FA_X1
add_72_U1_1                     0.001455   0.0005832    0.002112   7.357e-05  FA_X1
mult_66_U27                     0.001264    0.000758    0.002095   7.327e-05  FA_X1
mult_66_U31                     0.001248    0.000755    0.002071    6.76e-05  FA_X1
regU_Q_reg_4_                   0.001454   0.0005103     0.00205   8.565e-05  DFFR_X1
regU_Q_reg_3_                   0.001451    0.000483     0.00202   8.565e-05  DFFR_X1
mult_68_U7                      0.001175   0.0007698    0.002015   7.012e-05  FA_X1
mult_64_U7                      0.001175   0.0007642    0.002009   7.012e-05  FA_X1
regU_Q_reg_5_                   0.001453   0.0004623    0.002001   8.565e-05  DFFR_X1
mult_66_U19                     0.001258   0.0006188     0.00195   7.275e-05  FA_X1
mult_66_U23                      0.00114   0.0007161    0.001941   8.547e-05  FA_X1
regU_Q_reg_1_                    0.00134   0.0004572    0.001882   8.565e-05  DFFR_X1
regU_Q_reg_0_                     0.0013   0.0004507    0.001837   8.565e-05  DFFR_X1
regY_Q_reg_0_                   0.001458   0.0002869    0.001831   8.565e-05  DFFR_X1
mult_68_U18                     0.001043   0.0006913    0.001811   7.644e-05  FA_X1
mult_64_U18                     0.001042   0.0006822    0.001801   7.644e-05  FA_X1
regY_Q_reg_1_                   0.001458   0.0002567      0.0018   8.565e-05  DFFR_X1
mult_64_U25                     0.001033   0.0006953    0.001797    6.83e-05  FA_X1
mult_68_U21                     0.001035   0.0006892    0.001795   7.115e-05  FA_X1
mult_68_U25                     0.001033   0.0006927    0.001794    6.83e-05  FA_X1
mult_64_U21                     0.001035   0.0006834     0.00179   7.115e-05  FA_X1
regY_Q_reg_2_                   0.001457   0.0002359    0.001779   8.565e-05  DFFR_X1
regY_Q_reg_4_                   0.001457   0.0002238    0.001766   8.565e-05  DFFR_X1
regY_Q_reg_3_                   0.001457   0.0002224    0.001765   8.565e-05  DFFR_X1
add_72_U1_7                      0.00145   0.0002267    0.001752    7.58e-05  FA_X1
mult_66_U38                     0.001023   0.0006528    0.001746   7.068e-05  FA_X1
regY_Q_reg_5_                   0.001456   0.0002036    0.001745   8.565e-05  DFFR_X1
mult_64_U8                     0.0009935   0.0006823    0.001741   6.519e-05  FA_X1
regY_Q_reg_7_                   0.001455   0.0001967    0.001738   8.565e-05  DFFR_X1
regY_Q_reg_6_                   0.001455   0.0001892    0.001729   8.565e-05  DFFR_X1
mult_66_U128                   0.0001972    0.001508     0.00172   1.435e-05  INV_X1
FE_DBTC3_u_del_vec_3           9.701e-05    0.001608    0.001719   1.362e-05  INV_X1
mult_66_U127                   0.0001969    0.001505    0.001716   1.435e-05  INV_X1
mult_66_U28                    0.0009987   0.0006486    0.001714   6.716e-05  FA_X1
mult_66_U44                    0.0009496   0.0006944    0.001706   6.192e-05  FA_X1
mult_68_U8                     0.0009927   0.0006443    0.001702   6.519e-05  FA_X1
mult_66_U130                   0.0001968    0.001486    0.001698   1.435e-05  INV_X1
mult_66_U129                   0.0001964    0.001486    0.001697   1.435e-05  INV_X1
FE_DBTC1_u_del_vec_5           9.697e-05    0.001585    0.001696   1.362e-05  INV_X1
FE_DBTC2_u_del_vec_4           9.695e-05    0.001585    0.001695   1.362e-05  INV_X1
mult_66_U24                    0.0009492   0.0006823    0.001693   6.192e-05  FA_X1
mult_66_U34                    0.0009488   0.0006648    0.001675   6.192e-05  FA_X1
mult_66_U20                    0.0009975   0.0006058     0.00167   6.716e-05  FA_X1
mult_66_U47                    0.0009484   0.0006535    0.001664   6.192e-05  FA_X1
mult_66_U17                    0.0009987   0.0005832    0.001661   7.896e-05  FA_X1
mult_66_U33                    0.0009969   0.0005606    0.001637   7.896e-05  FA_X1
mult_66_U43                    0.0009853   0.0005747    0.001619   5.902e-05  FA_X1
mult_66_U29                    0.0009478   0.0005816    0.001591   6.192e-05  FA_X1
mult_68_U141                   0.0005324    0.001007    0.001579       4e-05  XOR2_X1
mult_66_U141                   0.0005674   0.0009626    0.001569   3.896e-05  XOR2_X1
mult_64_U141                   0.0005322   0.0009633    0.001535       4e-05  XOR2_X1
mult_66_U39                    0.0009446   0.0004982    0.001505   6.192e-05  FA_X1
mult_64_U30                    0.0008313    0.000569    0.001473   7.319e-05  FA_X1
mult_68_U30                    0.0008309   0.0005582    0.001462   7.319e-05  FA_X1
mult_68_U36                     0.000826   0.0005622    0.001459   7.039e-05  FA_X1
mult_64_U36                    0.0008256   0.0005539     0.00145   7.039e-05  FA_X1
mult_66_U132                   0.0001982    0.001206    0.001418   1.435e-05  INV_X1
FE_DBTC5_u_del_vec_1           8.709e-05    0.001316    0.001417   1.362e-05  INV_X1
mult_68_U26                    0.0008305   0.0005045     0.00141   7.451e-05  FA_X1
mult_64_U22                    0.0008258   0.0005136     0.00141   7.008e-05  FA_X1
mult_66_U46                    0.0008772     0.00047    0.001405   5.812e-05  FA_X1
FE_DBTC0_u_del_vec_6           9.665e-05    0.001293    0.001404   1.362e-05  INV_X1
mult_64_U26                    0.0008302   0.0004827    0.001387   7.451e-05  FA_X1
mult_68_U22                    0.0008252   0.0004916    0.001387   7.008e-05  FA_X1
mult_68_U16                    0.0008257   0.0004543    0.001349   6.935e-05  FA_X1
mult_64_U16                    0.0008257   0.0004509    0.001346   6.935e-05  FA_X1
add_56_U2                      0.0005524   0.0006732     0.00126   3.422e-05  XOR2_X1
mult_64_U27                    0.0006733   0.0004737     0.00122   7.307e-05  FA_X1
mult_68_U27                    0.0006732   0.0004724    0.001219   7.307e-05  FA_X1
mult_66_U48                    0.0006513   0.0004996    0.001204    5.34e-05  HA_X1
mult_66_U134                   0.0001694    0.001005    0.001188   1.435e-05  INV_X1
mult_66_U49                     0.000793   0.0003249    0.001178   5.995e-05  FA_X1
FE_DBTC4_u_del_vec_2           9.707e-05    0.001062    0.001173   1.362e-05  INV_X1
mult_68_U31                    0.0006614   0.0004396    0.001167   6.556e-05  FA_X1
mult_64_U31                    0.0006616   0.0004376    0.001165   6.556e-05  FA_X1
mult_66_U133                   0.0002037   0.0009417     0.00116   1.435e-05  INV_X1
mult_66_U161                   0.0006493   0.0004594    0.001147   3.857e-05  AOI222_X1
mult_68_U32                    0.0006677   0.0003968    0.001141   7.673e-05  FA_X1
mult_64_U32                    0.0006677   0.0003961     0.00114   7.673e-05  FA_X1
mult_68_U37                    0.0006646   0.0003863     0.00112   6.906e-05  FA_X1
mult_64_U42                     0.000712   0.0003395    0.001115   6.382e-05  FA_X1
mult_64_U37                    0.0006644   0.0003804    0.001114   6.906e-05  FA_X1
mult_66_U51                    0.0006564   0.0003984    0.001108    5.34e-05  HA_X1
mult_68_U42                    0.0007115   0.0003316    0.001107   6.382e-05  FA_X1
mult_68_U19                    0.0006686   0.0003481    0.001089   7.258e-05  FA_X1
mult_64_U19                    0.0006682   0.0003318    0.001073   7.258e-05  FA_X1
FE_DBTC6_u_del_vec_0           8.295e-05   0.0009725    0.001069   1.362e-05  INV_X1
mult_66_U45                    0.0006485   0.0003472    0.001049    5.34e-05  HA_X1
mult_64_U145                   0.0006544   0.0003454    0.001033   3.305e-05  XOR2_X1
regX0_Q_reg_6_                 0.0007417   0.0001913    0.001019   8.565e-05  DFFR_X1
mult_64_U146                   0.0006624   0.0003003   0.0009993   3.673e-05  XNOR2_X1
mult_66_U160                   0.0005217    0.000409    0.000999   6.822e-05  OAI222_X1
mult_66_U50                     0.000647   0.0002971   0.0009974    5.34e-05  HA_X1
mult_68_U146                   0.0006623   0.0002909   0.0009899   3.673e-05  XNOR2_X1
mult_68_U38                    0.0005384   0.0003771   0.0009856   7.012e-05  FA_X1
mult_68_U145                   0.0006534   0.0002931   0.0009796   3.305e-05  XOR2_X1
mult_66_U145                   0.0006409   0.0003025   0.0009771   3.363e-05  XOR2_X1
mult_64_U38                     0.000538   0.0003604   0.0009685   7.012e-05  FA_X1
mult_68_U28                    0.0005287   0.0003689   0.0009635   6.584e-05  FA_X1
mult_66_U162                   0.0005024   0.0003954   0.0009611   6.326e-05  OAI222_X1
mult_66_U146                   0.0006365   0.0002877   0.0009608   3.663e-05  XNOR2_X1
mult_64_U23                    0.0005376   0.0003313   0.0009563   8.746e-05  FA_X1
mult_64_U28                    0.0005285   0.0003578   0.0009521   6.584e-05  FA_X1
mult_68_U23                    0.0005375   0.0003253   0.0009502   8.746e-05  FA_X1
regX0_Q_reg_4_                 0.0007393   0.0001171   0.0009421   8.565e-05  DFFR_X1
regX0_Q_reg_2_                 0.0007393   0.0001155   0.0009404   8.565e-05  DFFR_X1
regX0_Q_reg_1_                 0.0007392   0.0001147   0.0009396   8.565e-05  DFFR_X1
regX0_Q_reg_5_                 0.0007392   0.0001137   0.0009386   8.565e-05  DFFR_X1
regX0_Q_reg_3_                 0.0007392   0.0001131   0.0009379   8.565e-05  DFFR_X1
regX0_Q_reg_0_                 0.0007391   0.0001084   0.0009331   8.565e-05  DFFR_X1
mult_68_U17                    0.0005283   0.0003236   0.0009315   7.961e-05  FA_X1
mult_64_U17                    0.0005285   0.0003168   0.0009249   7.961e-05  FA_X1
mult_64_U20                    0.0005273   0.0003171   0.0009103   6.584e-05  FA_X1
mult_68_U33                    0.0005275   0.0003009    0.000908   7.961e-05  FA_X1
mult_68_U20                    0.0005271   0.0003144   0.0009073   6.584e-05  FA_X1
mult_64_U33                    0.0005275   0.0003001   0.0009072   7.961e-05  FA_X1
mult_68_U34                    0.0004706   0.0003369    0.000867   5.953e-05  FA_X1
mult_68_U24                    0.0004704   0.0003298   0.0008597   5.953e-05  FA_X1
mult_64_U34                    0.0004704   0.0003288   0.0008587   5.953e-05  FA_X1
mult_64_U24                    0.0004703   0.0003256   0.0008555   5.953e-05  FA_X1
FE_OFC0_q1                     8.158e-05   0.0007507   0.0008552   2.292e-05  CLKBUF_X2
mult_64_U44                    0.0004704   0.0003236   0.0008535   5.953e-05  FA_X1
mult_68_U44                    0.0004703    0.000322   0.0008518   5.953e-05  FA_X1
add_72_U1                      0.0006071   0.0002073   0.0008505   3.614e-05  XOR2_X1
mult_66_U166                   0.0004938   0.0003231   0.0008482   3.126e-05  XNOR2_X1
mult_64_U47                    0.0004697   0.0002973   0.0008265   5.953e-05  FA_X1
mult_68_U29                    0.0004697   0.0002814   0.0008106   5.953e-05  FA_X1
mult_68_U47                    0.0004692    0.000281   0.0008098   5.953e-05  FA_X1
mult_64_U29                    0.0004694   0.0002707   0.0007997   5.953e-05  FA_X1
mult_68_U43                    0.0004521   0.0002883   0.0007976   5.722e-05  FA_X1
mult_64_U43                    0.0004519   0.0002828    0.000792   5.722e-05  FA_X1
add_72_U2                      0.0004446   0.0003141   0.0007838   2.506e-05  AND2_X1
mult_64_U39                    0.0004618    0.000236   0.0007574   5.953e-05  FA_X1
mult_68_U39                    0.0004617   0.0002286   0.0007498   5.953e-05  FA_X1
ff2_Q_reg                      0.0005702   5.205e-05   0.0007085   8.621e-05  DFFR_X1
mult_66_U142                   0.0004253   0.0002342   0.0006901   3.053e-05  XOR2_X1
mult_68_U46                    0.0003919   0.0002283   0.0006766   5.631e-05  FA_X1
ff1_Q_reg                      0.0005688   1.754e-05   0.0006726   8.621e-05  DFFR_X1
mult_64_U46                    0.0003918   0.0002243   0.0006724   5.631e-05  FA_X1
mult_66_U123                   0.0001929    0.000436   0.0006432   1.431e-05  INV_X1
mult_66_U163                   0.0003534   0.0002541   0.0006302   2.265e-05  AOI222_X1
mult_64_U161                   0.0003418   0.0002476   0.0006245   3.514e-05  AOI222_X1
mult_68_U161                   0.0003416   0.0002326   0.0006094   3.514e-05  AOI222_X1
mult_64_U51                    0.0003413    0.000207   0.0006005   5.217e-05  HA_X1
mult_68_U49                    0.0003854    0.000155   0.0005982   5.776e-05  FA_X1
mult_64_U49                    0.0003853   0.0001534   0.0005964   5.776e-05  FA_X1
mult_68_U48                    0.0003138   0.0002294   0.0005953   5.217e-05  HA_X1
mult_68_U51                    0.0003412   0.0002004   0.0005937   5.217e-05  HA_X1
mult_64_U48                    0.0003136   0.0002167   0.0005825   5.217e-05  HA_X1
mult_66_U167                   0.0001888   0.0003418   0.0005572   2.656e-05  NAND2_X1
mult_66_U170                   0.0001457   0.0003777   0.0005407   1.739e-05  NAND2_X1
mult_68_U45                    0.0003125   0.0001679   0.0005325   5.217e-05  HA_X1
mult_64_U45                    0.0003124   0.0001651   0.0005297   5.217e-05  HA_X1
mult_68_U160                   0.0002387   0.0002048   0.0005148   7.134e-05  OAI222_X1
mult_64_U166                   0.0002697   0.0002141   0.0005139   3.002e-05  XNOR2_X1
mult_66_U169                   0.0001696   0.0003229     0.00051    1.74e-05  NAND2_X1
mult_64_U160                   0.0002393   0.0001859   0.0004965   7.134e-05  OAI222_X1
mult_66_U152                    0.000178    0.000296   0.0004952    2.12e-05  NOR2_X1
mult_68_U162                   0.0002365   0.0001911   0.0004951   6.755e-05  OAI222_X1
mult_66_U151                    0.000178   0.0002953   0.0004945    2.12e-05  NOR2_X1
mult_68_U50                    0.0003117   0.0001306   0.0004944   5.217e-05  HA_X1
mult_64_U162                   0.0002363   0.0001905   0.0004943   6.755e-05  OAI222_X1
mult_66_U143                   0.0002915    0.000176   0.0004925   2.507e-05  AND2_X1
mult_66_U153                   0.0001761   0.0002898   0.0004871    2.12e-05  NOR2_X1
mult_64_U50                    0.0003115   0.0001222   0.0004858   5.217e-05  HA_X1
mult_68_U166                   0.0002693   0.0001824   0.0004817   3.002e-05  XNOR2_X1
mult_66_U200                   0.0001781   0.0002777   0.0004769    2.12e-05  NOR2_X1
mult_66_U149                    0.000178   0.0002737   0.0004729    2.12e-05  NOR2_X1
mult_66_U175                   0.0001755   0.0002787   0.0004715    1.74e-05  NAND2_X1
mult_66_U147                   0.0001755   0.0002756   0.0004685    1.74e-05  NAND2_X1
mult_66_U201                   0.0001781   0.0002653   0.0004646    2.12e-05  NOR2_X1
mult_66_U202                   0.0001781   0.0002507     0.00045    2.12e-05  NOR2_X1
mult_66_U168                   0.0001466   0.0002835   0.0004475   1.739e-05  NAND2_X1
mult_66_U199                    0.000178   0.0002482   0.0004475    2.12e-05  NOR2_X1
mult_66_U125                   0.0001326   0.0003013   0.0004473   1.342e-05  INV_X1
mult_66_U124                   0.0001325   0.0002949   0.0004407   1.329e-05  INV_X1
mult_66_U188                   0.0001337   0.0002833   0.0004382    2.12e-05  NOR2_X1
mult_66_U177                   0.0001333    0.000283   0.0004375    2.12e-05  NOR2_X1
mult_66_U189                    0.000176   0.0002425   0.0004358    1.74e-05  NAND2_X1
mult_66_U172                   0.0001339   0.0002768   0.0004319    2.12e-05  NOR2_X1
mult_66_U157                   0.0001393   0.0002735   0.0004302   1.739e-05  NAND2_X1
mult_66_U184                   0.0001333   0.0002719   0.0004264    2.12e-05  NOR2_X1
mult_66_U192                   0.0001333   0.0002656   0.0004201    2.12e-05  NOR2_X1
mult_66_U180                   0.0001343   0.0002628   0.0004183    2.12e-05  NOR2_X1
mult_66_U186                   0.0001343   0.0002619   0.0004175    2.12e-05  NOR2_X1
mult_66_U179                   0.0001343   0.0002614   0.0004169    2.12e-05  NOR2_X1
mult_66_U156                   0.0001469   0.0002487    0.000413   1.739e-05  NAND2_X1
mult_66_U195                   0.0001344   0.0002562   0.0004118    2.12e-05  NOR2_X1
mult_66_U150                   0.0001782   0.0002123   0.0004117    2.12e-05  NOR2_X1
mult_66_U158                   0.0001408   0.0002489   0.0004071   1.739e-05  NAND2_X1
mult_66_U171                   0.0001329   0.0002529    0.000407    2.12e-05  NOR2_X1
mult_66_U174                    0.000134   0.0002516   0.0004068    2.12e-05  NOR2_X1
mult_66_U182                   0.0001764   0.0002123   0.0004061    1.74e-05  NAND2_X1
mult_66_U194                   0.0001344   0.0002485   0.0004042    2.12e-05  NOR2_X1
mult_66_U173                    0.000134   0.0002474   0.0004026    2.12e-05  NOR2_X1
mult_66_U203                   0.0001335   0.0002472   0.0004019    2.12e-05  NOR2_X1
mult_66_U187                   0.0001344   0.0002459   0.0004015    2.12e-05  NOR2_X1
mult_68_U142                   0.0002264   0.0001445   0.0004003   2.941e-05  XOR2_X1
mult_66_U191                   0.0001344   0.0002444      0.0004    2.12e-05  NOR2_X1
mult_66_U183                   0.0001344   0.0002415   0.0003971    2.12e-05  NOR2_X1
regY_U4                        0.0002503   0.0001146    0.000396    3.12e-05  OAI21_X1
regY_U6                        0.0002502   0.0001126    0.000394    3.12e-05  OAI21_X1
mult_66_U176                   0.0001343   0.0002371   0.0003926    2.12e-05  NOR2_X1
mult_66_U197                   0.0001766   0.0001984   0.0003924    1.74e-05  NAND2_X1
mult_66_U159                   0.0001402   0.0002324     0.00039   1.739e-05  NAND2_X1
regY_U16                       0.0002511   0.0001072   0.0003895    3.12e-05  OAI21_X1
regY_U10                       0.0002503   0.0001066   0.0003881    3.12e-05  OAI21_X1
mult_66_U148                   0.0001523   0.0002141   0.0003876    2.12e-05  NOR2_X1
mult_66_U131                   0.0001064   0.0002603   0.0003831   1.648e-05  INV_X1
regY_U14                         0.00025   0.0001018    0.000383    3.12e-05  OAI21_X1
regY_U12                         0.00025   0.0001012   0.0003824    3.12e-05  OAI21_X1
regY_U2                        0.0002499   0.0001009   0.0003819    3.12e-05  OAI21_X1
mult_66_U154                   0.0001289   0.0002354   0.0003817   1.739e-05  NAND2_X1
regU_U8                        0.0002405   0.0001096   0.0003813    3.12e-05  OAI21_X1
regY_U8                        0.0002499   0.0001001   0.0003812    3.12e-05  OAI21_X1
mult_64_U142                    0.000226   0.0001201   0.0003754   2.941e-05  XOR2_X1
mult_66_U198                   0.0001523   0.0002006   0.0003741    2.12e-05  NOR2_X1
mult_66_U164                   0.0001523   0.0001986   0.0003721    2.12e-05  NOR2_X1
regU_U6                        0.0002402   9.763e-05   0.0003691    3.12e-05  OAI21_X1
mult_66_U178                   0.0001345   0.0002066   0.0003623    2.12e-05  NOR2_X1
regU_U4                        0.0002264   0.0001041   0.0003616    3.12e-05  OAI21_X1
mult_66_U181                   0.0001337   0.0002062   0.0003611    2.12e-05  NOR2_X1
mult_66_U155                   0.0001397   0.0002026   0.0003597   1.739e-05  NAND2_X1
mult_66_U193                   0.0001346   0.0002007   0.0003565    2.12e-05  NOR2_X1
mult_66_U185                   0.0001346   0.0001972    0.000353    2.12e-05  NOR2_X1
mult_66_U196                   0.0001338   0.0001967   0.0003517    2.12e-05  NOR2_X1
regU_U16                       0.0002207   9.732e-05   0.0003493    3.12e-05  OAI21_X1
add_56_U1                      0.0001892   0.0001355    0.000349   2.428e-05  AND2_X1
regU_U2                         0.000224   9.249e-05   0.0003476    3.12e-05  OAI21_X1
mult_66_U190                   0.0001184   0.0002022   0.0003418    2.12e-05  NOR2_X1
mult_64_U125                   0.0001003    0.000227   0.0003416   1.423e-05  INV_X1
mult_66_U144                   0.0001517   0.0001709     0.00034   1.739e-05  NAND2_X1
mult_68_U125                   0.0001003    0.000225   0.0003396   1.423e-05  INV_X1
mult_64_U167                   0.0001003   0.0002054   0.0003341   2.829e-05  NAND2_X1
mult_64_U170                    7.62e-05   0.0002382   0.0003312   1.683e-05  NAND2_X1
regU_U14                        0.000208   8.824e-05   0.0003274    3.12e-05  OAI21_X1
mult_68_U167                   0.0001001   0.0001974   0.0003258   2.829e-05  NAND2_X1
mult_68_U170                    7.62e-05   0.0002315   0.0003245   1.683e-05  NAND2_X1
regY_U17                       0.0001716   0.0001287   0.0003177   1.739e-05  NAND2_X1
regU_U15                       0.0001531   0.0001469   0.0003174   1.739e-05  NAND2_X1
regU_U9                        0.0001576   0.0001292   0.0003042   1.739e-05  NAND2_X1
regY_U11                       0.0001408   0.0001438    0.000302   1.739e-05  NAND2_X1
regU_U7                        0.0001462    0.000133   0.0002965   1.739e-05  NAND2_X1
mult_66_U165                   0.0001386   0.0001217   0.0002929   3.261e-05  NOR4_X1
regU_U5                        0.0001451   0.0001299   0.0002924   1.739e-05  NAND2_X1
regY_U13                       0.0001406   0.0001299   0.0002879   1.739e-05  NAND2_X1
regY_U15                       0.0001406   0.0001297   0.0002877   1.739e-05  NAND2_X1
regU_U13                       0.0001447   0.0001244   0.0002865   1.739e-05  NAND2_X1
regU_U17                       0.0001439   0.0001249   0.0002862   1.739e-05  NAND2_X1
regU_U12                       0.0001774   7.728e-05   0.0002859    3.12e-05  OAI21_X1
regU_U11                       0.0001585   0.0001092   0.0002851   1.738e-05  NAND2_X1
regY_U5                        0.0001406   0.0001247   0.0002827   1.739e-05  NAND2_X1
mult_68_U163                   0.0001501   0.0001121   0.0002825   2.036e-05  AOI222_X1
regY_U9                        0.0001406   0.0001235   0.0002815   1.739e-05  NAND2_X1
regU_U3                        0.0001461   0.0001177   0.0002812   1.739e-05  NAND2_X1
regY_U7                        0.0001406    0.000123    0.000281   1.739e-05  NAND2_X1
mult_68_U143                   0.0001542   0.0001025    0.000281   2.428e-05  AND2_X1
regY_U3                        0.0001406   0.0001219   0.0002799   1.739e-05  NAND2_X1
mult_68_U169                   8.795e-05   0.0001767   0.0002797   1.506e-05  NAND2_X1
mult_68_U151                   0.0001011   0.0001543   0.0002769    2.15e-05  NOR2_X1
regU_U10                       0.0001694   7.615e-05   0.0002768   3.121e-05  OAI21_X1
mult_64_U201                   0.0001011   0.0001515   0.0002741    2.15e-05  NOR2_X1
mult_64_U163                     0.00015   0.0001036   0.0002739   2.036e-05  AOI222_X1
mult_64_U169                   8.791e-05   0.0001702   0.0002732   1.506e-05  NAND2_X1
mult_64_U143                   0.0001533   9.359e-05   0.0002712   2.428e-05  AND2_X1
mult_68_U152                   0.0001001   0.0001494    0.000271    2.15e-05  NOR2_X1
mult_68_U168                   7.628e-05   0.0001753   0.0002684   1.683e-05  NAND2_X1
mult_68_U202                   0.0001001   0.0001466   0.0002682    2.15e-05  NOR2_X1
mult_64_U151                   0.0001012   0.0001452    0.000268    2.15e-05  NOR2_X1
mult_68_U200                   0.0001005   0.0001432   0.0002652    2.15e-05  NOR2_X1
mult_64_U152                   0.0001002   0.0001435   0.0002652    2.15e-05  NOR2_X1
mult_68_U201                   0.0001013   0.0001421   0.0002649    2.15e-05  NOR2_X1
mult_64_U200                   0.0001005   0.0001426   0.0002646    2.15e-05  NOR2_X1
mult_68_U147                   9.507e-05   0.0001524   0.0002625   1.506e-05  NAND2_X1
mult_64_U149                   9.053e-05   0.0001479   0.0002599    2.15e-05  NOR2_X1
mult_64_U147                   9.514e-05   0.0001489   0.0002591   1.506e-05  NAND2_X1
mult_68_U153                   9.693e-05   0.0001401   0.0002586    2.15e-05  NOR2_X1
mult_64_U157                   7.353e-05   0.0001674   0.0002578   1.683e-05  NAND2_X1
mult_68_U175                   9.518e-05   0.0001462   0.0002564   1.506e-05  NAND2_X1
mult_68_U157                   7.351e-05   0.0001653   0.0002556   1.683e-05  NAND2_X1
mult_68_U149                   9.062e-05   0.0001429   0.0002551    2.15e-05  NOR2_X1
mult_64_U202                   0.0001004   0.0001317   0.0002536    2.15e-05  NOR2_X1
mult_64_U172                   8.004e-05   0.0001502   0.0002519    2.17e-05  NOR2_X1
mult_64_U175                   9.528e-05    0.000141   0.0002514   1.506e-05  NAND2_X1
mult_64_U153                   9.703e-05   0.0001326   0.0002511    2.15e-05  NOR2_X1
mult_64_U168                    7.63e-05   0.0001575   0.0002506   1.683e-05  NAND2_X1
mult_68_U189                   9.547e-05   0.0001348   0.0002453   1.506e-05  NAND2_X1
mult_64_U188                   7.591e-05   0.0001477   0.0002453    2.17e-05  NOR2_X1
mult_68_U188                   7.591e-05   0.0001476   0.0002452    2.17e-05  NOR2_X1
mult_68_U174                   7.978e-05   0.0001437   0.0002452    2.17e-05  NOR2_X1
mult_68_U203                   7.575e-05   0.0001475   0.0002449    2.17e-05  NOR2_X1
mult_64_U189                    9.55e-05   0.0001335   0.0002441   1.506e-05  NAND2_X1
mult_64_U173                   8.047e-05   0.0001418    0.000244    2.17e-05  NOR2_X1
mult_68_U195                   8.011e-05   0.0001418   0.0002436    2.17e-05  NOR2_X1
mult_68_U173                   8.046e-05   0.0001411   0.0002433    2.17e-05  NOR2_X1
mult_64_U158                   7.352e-05   0.0001512   0.0002416   1.683e-05  NAND2_X1
mult_68_U126                   7.028e-05   0.0001574   0.0002407   1.302e-05  INV_X1
mult_68_U150                   0.0001009   0.0001181   0.0002405    2.15e-05  NOR2_X1
mult_64_U192                   7.388e-05   0.0001449   0.0002405    2.17e-05  NOR2_X1
mult_64_U126                   7.027e-05   0.0001566   0.0002399   1.302e-05  INV_X1
mult_68_U184                   7.391e-05   0.0001442   0.0002398    2.17e-05  NOR2_X1
mult_64_U194                   8.084e-05   0.0001372   0.0002397    2.17e-05  NOR2_X1
mult_68_U172                   8.033e-05   0.0001376   0.0002396    2.17e-05  NOR2_X1
mult_64_U174                   7.992e-05   0.0001378   0.0002394    2.17e-05  NOR2_X1
mult_64_U187                   8.025e-05   0.0001373   0.0002392    2.17e-05  NOR2_X1
mult_68_U192                    7.39e-05   0.0001435   0.0002391    2.17e-05  NOR2_X1
mult_68_U156                   7.626e-05   0.0001458   0.0002389   1.683e-05  NAND2_X1
mult_64_U186                   8.091e-05   0.0001354   0.0002381    2.17e-05  NOR2_X1
mult_64_U195                   8.027e-05   0.0001352   0.0002372    2.17e-05  NOR2_X1
mult_68_U187                    8.03e-05   0.0001352   0.0002372    2.17e-05  NOR2_X1
mult_68_U179                    8.09e-05   0.0001346   0.0002372    2.17e-05  NOR2_X1
mult_64_U184                   7.395e-05   0.0001414    0.000237    2.17e-05  NOR2_X1
mult_64_U156                   7.626e-05   0.0001438   0.0002369   1.683e-05  NAND2_X1
mult_68_U158                   7.347e-05   0.0001463   0.0002366   1.683e-05  NAND2_X1
mult_68_U194                   8.093e-05   0.0001338   0.0002365    2.17e-05  NOR2_X1
mult_68_U186                   8.096e-05   0.0001334    0.000236    2.17e-05  NOR2_X1
mult_68_U199                   9.091e-05   0.0001236    0.000236    2.15e-05  NOR2_X1
mult_64_U177                   7.395e-05   0.0001399   0.0002356    2.17e-05  NOR2_X1
mult_68_U177                   7.393e-05   0.0001396   0.0002353    2.17e-05  NOR2_X1
mult_64_U179                   8.098e-05   0.0001321   0.0002348    2.17e-05  NOR2_X1
mult_64_U180                   8.032e-05   0.0001326   0.0002347    2.17e-05  NOR2_X1
mult_68_U180                   8.033e-05   0.0001326   0.0002346    2.17e-05  NOR2_X1
mult_66_U126                   6.878e-05   0.0001552   0.0002345   1.059e-05  INV_X1
mult_64_U150                   0.0001012     0.00011   0.0002327    2.15e-05  NOR2_X1
mult_64_U199                   9.101e-05   0.0001181   0.0002306    2.15e-05  NOR2_X1
mult_64_U203                   7.603e-05   0.0001325   0.0002303    2.17e-05  NOR2_X1
mult_64_U171                   7.376e-05   0.0001334   0.0002289    2.17e-05  NOR2_X1
mult_68_U171                   7.374e-05    0.000133   0.0002284    2.17e-05  NOR2_X1
mult_68_U123                   6.404e-05   0.0001471   0.0002241   1.289e-05  INV_X1
mult_64_U154                   6.534e-05   0.0001406   0.0002227   1.683e-05  NAND2_X1
mult_64_U198                   8.399e-05   0.0001172   0.0002226    2.15e-05  NOR2_X1
mult_68_U182                   9.612e-05   0.0001093   0.0002204   1.506e-05  NAND2_X1
mult_68_U197                   9.614e-05   0.0001085   0.0002197   1.506e-05  NAND2_X1
mult_68_U154                   6.531e-05   0.0001374   0.0002196   1.683e-05  NAND2_X1
mult_64_U123                   6.398e-05   0.0001425   0.0002194   1.289e-05  INV_X1
mult_64_U182                   9.621e-05   0.0001059   0.0002172   1.506e-05  NAND2_X1
mult_68_U198                   8.405e-05   0.0001114    0.000217    2.15e-05  NOR2_X1
mult_68_U164                   8.413e-05   0.0001107   0.0002163    2.15e-05  NOR2_X1
mult_68_U185                   8.138e-05   0.0001132   0.0002163    2.17e-05  NOR2_X1
mult_64_U197                   9.623e-05    0.000105   0.0002163   1.506e-05  NAND2_X1
mult_64_U185                   8.139e-05   0.0001131   0.0002162    2.17e-05  NOR2_X1
mult_68_U183                   7.263e-05   0.0001207    0.000215    2.17e-05  NOR2_X1
mult_66_U137                   1.947e-05   0.0001805   0.0002144   1.435e-05  INV_X1
mult_68_U191                   7.262e-05     0.00012   0.0002143    2.17e-05  NOR2_X1
mult_64_U191                   7.262e-05     0.00012   0.0002143    2.17e-05  NOR2_X1
mult_64_U148                    8.41e-05    0.000108   0.0002136    2.15e-05  NOR2_X1
mult_68_U193                   8.149e-05     0.00011   0.0002132    2.17e-05  NOR2_X1
mult_64_U164                   8.418e-05   0.0001074   0.0002131    2.15e-05  NOR2_X1
mult_68_U178                   8.147e-05   0.0001099    0.000213    2.17e-05  NOR2_X1
mult_64_U196                   7.656e-05   0.0001144   0.0002127    2.17e-05  NOR2_X1
mult_64_U193                   8.151e-05   0.0001092   0.0002125    2.17e-05  NOR2_X1
mult_64_U178                   8.153e-05   0.0001091   0.0002123    2.17e-05  NOR2_X1
mult_64_U183                    7.27e-05   0.0001179   0.0002123    2.17e-05  NOR2_X1
mult_68_U148                   8.413e-05   0.0001064    0.000212    2.15e-05  NOR2_X1
mult_68_U181                   7.655e-05   0.0001133   0.0002115    2.17e-05  NOR2_X1
mult_64_U129                   1.949e-05   0.0001774   0.0002112   1.435e-05  INV_X1
mult_66_U136                   1.949e-05   0.0001773   0.0002111   1.435e-05  INV_X1
mult_68_U129                    1.95e-05   0.0001761     0.00021   1.435e-05  INV_X1
mult_64_U176                   7.275e-05   0.0001146   0.0002091    2.17e-05  NOR2_X1
mult_64_U128                    1.95e-05   0.0001748   0.0002086   1.435e-05  INV_X1
mult_68_U196                   7.674e-05   0.0001087   0.0002072    2.17e-05  NOR2_X1
mult_68_U130                   1.951e-05   0.0001727   0.0002066   1.435e-05  INV_X1
mult_68_U127                   5.675e-05   0.0001329   0.0002065   1.684e-05  INV_X1
mult_64_U130                   1.952e-05   0.0001722   0.0002061   1.435e-05  INV_X1
mult_64_U127                   5.693e-05   0.0001311   0.0002049   1.684e-05  INV_X1
mult_66_U135                   1.952e-05    0.000171   0.0002049   1.435e-05  INV_X1
mult_68_U128                   1.953e-05   0.0001701   0.0002039   1.435e-05  INV_X1
mult_68_U176                   7.286e-05   0.0001089   0.0002035    2.17e-05  NOR2_X1
mult_68_U159                   7.289e-05   0.0001134   0.0002031   1.683e-05  NAND2_X1
mult_64_U159                   7.288e-05   0.0001127   0.0002024   1.683e-05  NAND2_X1
mult_64_U181                   7.691e-05   0.0001037   0.0002023    2.17e-05  NOR2_X1
mult_68_U190                   6.586e-05   0.0001127   0.0002002    2.17e-05  NOR2_X1
mult_64_U190                   6.589e-05   0.0001105    0.000198    2.17e-05  NOR2_X1
mult_68_U144                   8.743e-05   8.674e-05    0.000191   1.683e-05  NAND2_X1
mult_64_U144                   8.747e-05   8.539e-05   0.0001897   1.683e-05  NAND2_X1
mult_68_U132                   1.955e-05   0.0001539   0.0001878   1.435e-05  INV_X1
mult_64_U135                   1.956e-05   0.0001512   0.0001851   1.435e-05  INV_X1
mult_64_U136                   1.957e-05   0.0001506   0.0001845   1.435e-05  INV_X1
mult_66_U139                   1.963e-05   0.0001502   0.0001841   1.435e-05  INV_X1
mult_68_U155                   6.714e-05   9.738e-05   0.0001814   1.683e-05  NAND2_X1
mult_64_U155                   6.712e-05    9.63e-05   0.0001803   1.683e-05  NAND2_X1
mult_66_U138                   1.966e-05    0.000146     0.00018   1.435e-05  INV_X1
mult_68_U133                   1.959e-05   0.0001455   0.0001795   1.435e-05  INV_X1
mult_64_U140                   1.968e-05   0.0001227   0.0001567   1.435e-05  INV_X1
mult_66_U140                    1.98e-05   0.0001192   0.0001533   1.435e-05  INV_X1
mult_68_U136                    1.97e-05   0.0001186   0.0001526   1.435e-05  INV_X1
mult_64_U165                   5.877e-05   4.892e-05   0.0001419   3.421e-05  NOR4_X1
mult_68_U165                   5.876e-05   4.732e-05   0.0001403   3.421e-05  NOR4_X1
regX0_U4                       5.896e-05   3.062e-05   0.0001208    3.12e-05  OAI21_X1
regX0_U6                       5.886e-05   2.804e-05   0.0001181    3.12e-05  OAI21_X1
regX0_U8                       5.883e-05   2.726e-05   0.0001173    3.12e-05  OAI21_X1
regX0_U2                       5.884e-05   2.705e-05   0.0001171    3.12e-05  OAI21_X1
regX0_U12                      5.879e-05   2.589e-05   0.0001159    3.12e-05  OAI21_X1
regX0_U14                      5.877e-05   2.559e-05   0.0001156    3.12e-05  OAI21_X1
regX0_U10                      5.871e-05   2.466e-05   0.0001146    3.12e-05  OAI21_X1
mult_68_U124                   2.473e-05   5.623e-05   9.135e-05   1.039e-05  INV_X1
mult_64_U124                   2.475e-05   5.474e-05   8.987e-05   1.039e-05  INV_X1
regX0_U11                       2.79e-05   2.654e-05   7.184e-05   1.739e-05  NAND2_X1
regX0_U7                       2.783e-05   2.348e-05   6.871e-05   1.739e-05  NAND2_X1
regX0_U15                      2.783e-05   2.339e-05   6.862e-05   1.739e-05  NAND2_X1
regX0_U9                       2.783e-05   2.339e-05   6.861e-05   1.739e-05  NAND2_X1
regX0_U13                      2.779e-05   2.226e-05   6.745e-05   1.739e-05  NAND2_X1
regX0_U3                       2.786e-05   2.214e-05   6.739e-05   1.739e-05  NAND2_X1
regX0_U5                       2.779e-05   2.214e-05   6.732e-05   1.739e-05  NAND2_X1

---------------------------------------------------------------------------------------

Total (    443 of    443  )       0.1912      0.1519     0.3605     0.01736
Total Capacitance                2.507e-12 F
Power Density                   *** No Die Area ***
